30/10/2012 14:44:36,672  INFO org.apache.myfaces.webapp.StartupServletContextListener - Checking for plugins:org.apache.myfaces.FACES_INIT_PLUGINS
30/10/2012 14:44:36,687  INFO org.apache.myfaces.shared_impl.config.MyfacesConfig - No context init parameter 'org.apache.myfaces.PRETTY_HTML' found, using default value true
30/10/2012 14:44:36,687  INFO org.apache.myfaces.shared_impl.config.MyfacesConfig - No context init parameter 'org.apache.myfaces.ALLOW_JAVASCRIPT' found, using default value true
30/10/2012 14:44:36,687  INFO org.apache.myfaces.shared_impl.config.MyfacesConfig - No context init parameter 'org.apache.myfaces.RENDER_CLEAR_JAVASCRIPT_FOR_BUTTON' found, using default value false
30/10/2012 14:44:36,688  INFO org.apache.myfaces.shared_impl.config.MyfacesConfig - No context init parameter 'org.apache.myfaces.RENDER_HIDDEN_FIELDS_FOR_LINK_PARAMS' found, using default value false
30/10/2012 14:44:36,688  INFO org.apache.myfaces.shared_impl.config.MyfacesConfig - No context init parameter 'org.apache.myfaces.SAVE_FORM_SUBMIT_LINK_IE' found, using default value false
30/10/2012 14:44:36,688  INFO org.apache.myfaces.shared_impl.config.MyfacesConfig - No context init parameter 'org.apache.myfaces.READONLY_AS_DISABLED_FOR_SELECTS' found, using default value true
30/10/2012 14:44:36,688  INFO org.apache.myfaces.shared_impl.config.MyfacesConfig - No context init parameter 'org.apache.myfaces.RENDER_VIEWSTATE_ID' found, using default value true
30/10/2012 14:44:36,688  INFO org.apache.myfaces.shared_impl.config.MyfacesConfig - No context init parameter 'org.apache.myfaces.STRICT_XHTML_LINKS' found, using default value true
30/10/2012 14:44:36,688  INFO org.apache.myfaces.shared_impl.config.MyfacesConfig - No context init parameter 'org.apache.myfaces.CONFIG_REFRESH_PERIOD' found, using default value 2
30/10/2012 14:44:36,688  INFO org.apache.myfaces.shared_impl.config.MyfacesConfig - No context init parameter 'org.apache.myfaces.VIEWSTATE_JAVASCRIPT' found, using default value false
30/10/2012 14:44:36,688  INFO org.apache.myfaces.shared_impl.config.MyfacesConfig - No context init parameter 'org.apache.myfaces.DETECT_JAVASCRIPT' found, using default value false
30/10/2012 14:44:36,688  INFO org.apache.myfaces.shared_impl.config.MyfacesConfig - No context init parameter 'org.apache.myfaces.AUTO_SCROLL' found, using default value false
30/10/2012 14:44:36,688  INFO org.apache.myfaces.shared_impl.config.MyfacesConfig - No context init parameter 'org.apache.myfaces.ADD_RESOURCE_CLASS' found, using default value org.apache.myfaces.renderkit.html.util.DefaultAddResource
30/10/2012 14:44:36,688  INFO org.apache.myfaces.shared_impl.config.MyfacesConfig - No context init parameter 'org.apache.myfaces.RESOURCE_VIRTUAL_PATH' found, using default value /faces/myFacesExtensionResource
30/10/2012 14:44:36,688  INFO org.apache.myfaces.shared_impl.config.MyfacesConfig - No context init parameter 'org.apache.myfaces.CHECK_EXTENSIONS_FILTER' found, using default value true
30/10/2012 14:44:36,688  INFO org.apache.myfaces.shared_impl.config.MyfacesConfig - Starting up Tomahawk on the RI-JSF-Implementation.
30/10/2012 14:44:36,688  INFO org.apache.myfaces.shared_impl.config.MyfacesConfig - Starting up Tomahawk on the MyFaces-JSF-Implementation
30/10/2012 14:44:36,688 ERROR org.apache.myfaces.shared_impl.config.MyfacesConfig - Both MyFaces and the RI are on your classpath. Please make sure to use only one of the two JSF-implementations.
30/10/2012 14:44:36,710  INFO org.apache.myfaces.config.FacesConfigurator - Reading standard config META-INF/standard-faces-config.xml
30/10/2012 14:44:36,871  INFO org.apache.myfaces.config.FacesConfigurator - Reading config : jar:file:/opt/jboss-4.2.3.GA/server/default/tmp/deploy/tmp5986793320617562194BDRMGR-exp.war/WEB-INF/lib/com.springsource.com.sun.facelets-1.1.14.jar!/META-INF/faces-config.xml
30/10/2012 14:44:36,875  INFO org.apache.myfaces.config.FacesConfigurator - Reading config : jar:file:/opt/jboss-4.2.3.GA/server/default/tmp/deploy/tmp5986793320617562194BDRMGR-exp.war/WEB-INF/lib/com.treelogic.fawna.presentacion.componentes-1.1.1.jar!/META-INF/faces-config.xml
30/10/2012 14:44:36,887  INFO org.apache.myfaces.config.FacesConfigurator - Reading config : jar:file:/opt/jboss-4.2.3.GA/server/default/tmp/deploy/tmp5986793320617562194BDRMGR-exp.war/WEB-INF/lib/com.treelogic.fawna.presentacion.componentes.ext.chart-1.0.0.jar!/META-INF/faces-config.xml
30/10/2012 14:44:36,887  INFO org.apache.myfaces.config.FacesConfigurator - Reading config : jar:file:/opt/jboss-4.2.3.GA/server/default/tmp/deploy/tmp5986793320617562194BDRMGR-exp.war/WEB-INF/lib/com.treelogic.fawna.presentacion.componentes.ext.security-1.0.0.jar!/META-INF/faces-config.xml
30/10/2012 14:44:36,888  INFO org.apache.myfaces.config.FacesConfigurator - Reading config : jar:file:/opt/jboss-4.2.3.GA/server/default/tmp/deploy/tmp5986793320617562194BDRMGR-exp.war/WEB-INF/lib/com.treelogic.fawna.presentacion.core-1.1.0.jar!/META-INF/faces-config.xml
30/10/2012 14:44:36,889  INFO org.apache.myfaces.config.FacesConfigurator - Reading config : jar:file:/opt/jboss-4.2.3.GA/server/default/tmp/deploy/tmp5986793320617562194BDRMGR-exp.war/WEB-INF/lib/fiji-api-1.0.0.jar!/META-INF/faces-config.xml
30/10/2012 14:44:36,889  INFO org.apache.myfaces.config.FacesConfigurator - Reading config : jar:file:/opt/jboss-4.2.3.GA/server/default/tmp/deploy/tmp5986793320617562194BDRMGR-exp.war/WEB-INF/lib/fiji-ui-1.0.0.jar!/META-INF/faces-config.xml
30/10/2012 14:44:36,892  INFO org.apache.myfaces.config.FacesConfigurator - Reading config : jar:file:/opt/jboss-4.2.3.GA/server/default/tmp/deploy/tmp5986793320617562194BDRMGR-exp.war/WEB-INF/lib/org.springframework.faces-2.2.1.RELEASE.jar!/META-INF/faces-config.xml
30/10/2012 14:44:36,897  INFO org.apache.myfaces.config.FacesConfigurator - Reading config : jar:file:/opt/jboss-4.2.3.GA/server/default/tmp/deploy/tmp5986793320617562194BDRMGR-exp.war/WEB-INF/lib/richfaces-impl-3.3.3.Final.jar!/META-INF/faces-config.xml
30/10/2012 14:44:36,899  INFO org.apache.myfaces.config.FacesConfigurator - Reading config : jar:file:/opt/jboss-4.2.3.GA/server/default/tmp/deploy/tmp5986793320617562194BDRMGR-exp.war/WEB-INF/lib/richfaces-ui-3.3.3.Final.jar!/META-INF/faces-config.xml
30/10/2012 14:44:36,938  INFO org.apache.myfaces.config.FacesConfigurator - Reading config : jar:file:/opt/jboss-4.2.3.GA/server/default/tmp/deploy/tmp5986793320617562194BDRMGR-exp.war/WEB-INF/lib/tomahawk12-1.1.11.jar!/META-INF/faces-config.xml
30/10/2012 14:44:36,951  INFO org.apache.myfaces.config.FacesConfigurator - Reading config /WEB-INF/faces-config.xml
30/10/2012 14:44:37,096  INFO org.apache.myfaces.config.FacesConfigurator - Starting up MyFaces-package : myfaces-api in version : 1.2.9 from path : file:/opt/jboss-4.2.3.GA/server/default/tmp/deploy/tmp5986793320617562194BDRMGR-exp.war/WEB-INF/lib/myfaces-api-1.2.9.jar
30/10/2012 14:44:37,096  INFO org.apache.myfaces.config.FacesConfigurator - Starting up MyFaces-package : myfaces-impl in version : 1.2.9 from path : file:/opt/jboss-4.2.3.GA/server/default/tmp/deploy/tmp5986793320617562194BDRMGR-exp.war/WEB-INF/lib/myfaces-impl-1.2.9.jar
30/10/2012 14:44:37,096  INFO org.apache.myfaces.config.FacesConfigurator - MyFaces-package : tomahawk not found.
30/10/2012 14:44:37,096  INFO org.apache.myfaces.config.FacesConfigurator - Starting up MyFaces-package : tomahawk12 in version : 1.1.11 from path : file:/opt/jboss-4.2.3.GA/server/default/tmp/deploy/tmp5986793320617562194BDRMGR-exp.war/WEB-INF/lib/tomahawk12-1.1.11.jar
30/10/2012 14:44:37,096  INFO org.apache.myfaces.config.FacesConfigurator - MyFaces-package : tomahawk-sandbox not found.
30/10/2012 14:44:37,096  INFO org.apache.myfaces.config.FacesConfigurator - MyFaces-package : tomahawk-sandbox12 not found.
30/10/2012 14:44:37,096  INFO org.apache.myfaces.config.FacesConfigurator - MyFaces-package : tomahawk-sandbox15 not found.
30/10/2012 14:44:37,096  INFO org.apache.myfaces.config.FacesConfigurator - MyFaces-package : myfaces-orchestra-core not found.
30/10/2012 14:44:37,096  INFO org.apache.myfaces.config.FacesConfigurator - MyFaces-package : myfaces-orchestra-core12 not found.
30/10/2012 14:44:37,096  INFO org.apache.myfaces.config.FacesConfigurator - MyFaces-package : trinidad-api not found.
30/10/2012 14:44:37,096  INFO org.apache.myfaces.config.FacesConfigurator - MyFaces-package : trinidad-impl not found.
30/10/2012 14:44:37,096  INFO org.apache.myfaces.config.FacesConfigurator - MyFaces-package : tobago not found.
30/10/2012 14:44:37,096  INFO org.apache.myfaces.config.FacesConfigurator - Starting up MyFaces-package : commons-el in version : 1.0 from path : file:/opt/jboss-4.2.3.GA/server/default/tmp/deploy/tmp5986793320617562194BDRMGR-exp.war/WEB-INF/lib/commons-el-1.0.jar
30/10/2012 14:44:37,096  INFO org.apache.myfaces.config.FacesConfigurator - MyFaces-package : jsp-api not found.
30/10/2012 14:44:37,125  WARN org.apache.myfaces.shared_impl.util.LocaleUtils - Locale name in faces-config.xml null or empty, setting locale to default locale : es_ES
30/10/2012 14:44:38,004  INFO org.apache.myfaces.config.FacesConfigurator - Serialization provider : class org.apache.myfaces.shared_impl.util.serial.DefaultSerialFactory
30/10/2012 14:44:38,086  INFO org.apache.myfaces.webapp.AbstractFacesInitializer - ServletContext '/opt/jboss-4.2.3.GA/server/default/./tmp/deploy/tmp5986793320617562194BDRMGR-exp.war/' initialized.
30/10/2012 14:44:38,086  INFO org.apache.myfaces.webapp.StartupServletContextListener - Checking for plugins:org.apache.myfaces.FACES_INIT_PLUGINS
30/10/2012 14:44:38,087  INFO org.springframework.web.context.ContextLoader - Root WebApplicationContext: initialization started
30/10/2012 14:44:38,105  INFO org.springframework.web.context.support.XmlWebApplicationContext - Refreshing Root WebApplicationContext: startup date [Tue Oct 30 14:44:38 CET 2012]; root of context hierarchy
30/10/2012 14:44:38,136  INFO org.springframework.beans.factory.xml.XmlBeanDefinitionReader - Loading XML bean definitions from ServletContext resource [/WEB-INF/config/web-application-config.xml]
30/10/2012 14:44:38,159  INFO org.springframework.beans.factory.xml.XmlBeanDefinitionReader - Loading XML bean definitions from ServletContext resource [/WEB-INF/config/webflow-config.xml]
30/10/2012 14:44:38,200  INFO org.springframework.beans.factory.xml.XmlBeanDefinitionReader - Loading XML bean definitions from ServletContext resource [/WEB-INF/config/security-config.xml]
30/10/2012 14:44:57,073  INFO org.springframework.security.config.http.HttpSecurityBeanDefinitionParser - Checking sorted filter chain: [Root bean: class [org.springframework.security.web.access.channel.ChannelProcessingFilter]; scope=; abstract=false; lazyInit=false; autowireMode=0; dependencyCheck=0; autowireCandidate=true; primary=false; factoryBeanName=null; factoryMethodName=null; initMethodName=null; destroyMethodName=null, order = 100, Root bean: class [org.springframework.security.web.context.SecurityContextPersistenceFilter]; scope=; abstract=false; lazyInit=false; autowireMode=0; dependencyCheck=0; autowireCandidate=true; primary=false; factoryBeanName=null; factoryMethodName=null; initMethodName=null; destroyMethodName=null, order = 300, Root bean: class [org.springframework.security.web.authentication.logout.LogoutFilter]; scope=; abstract=false; lazyInit=false; autowireMode=0; dependencyCheck=0; autowireCandidate=true; primary=false; factoryBeanName=null; factoryMethodName=null; initMethodName=null; destroyMethodName=null, order = 400, Root bean: class [org.springframework.security.web.authentication.UsernamePasswordAuthenticationFilter]; scope=; abstract=false; lazyInit=false; autowireMode=0; dependencyCheck=0; autowireCandidate=true; primary=false; factoryBeanName=null; factoryMethodName=null; initMethodName=null; destroyMethodName=null, order = 800, Root bean: class [org.springframework.security.web.authentication.www.BasicAuthenticationFilter]; scope=; abstract=false; lazyInit=false; autowireMode=0; dependencyCheck=0; autowireCandidate=true; primary=false; factoryBeanName=null; factoryMethodName=null; initMethodName=null; destroyMethodName=null, order = 1200, Root bean: class [org.springframework.security.web.savedrequest.RequestCacheAwareFilter]; scope=; abstract=false; lazyInit=false; autowireMode=0; dependencyCheck=0; autowireCandidate=true; primary=false; factoryBeanName=null; factoryMethodName=null; initMethodName=null; destroyMethodName=null, order = 1300, Root bean: class [org.springframework.security.web.servletapi.SecurityContextHolderAwareRequestFilter]; scope=; abstract=false; lazyInit=false; autowireMode=0; dependencyCheck=0; autowireCandidate=true; primary=false; factoryBeanName=null; factoryMethodName=null; initMethodName=null; destroyMethodName=null, order = 1400, Root bean: class [org.springframework.security.web.authentication.AnonymousAuthenticationFilter]; scope=; abstract=false; lazyInit=false; autowireMode=0; dependencyCheck=0; autowireCandidate=true; primary=false; factoryBeanName=null; factoryMethodName=null; initMethodName=null; destroyMethodName=null, order = 1600, Root bean: class [org.springframework.security.web.session.SessionManagementFilter]; scope=; abstract=false; lazyInit=false; autowireMode=0; dependencyCheck=0; autowireCandidate=true; primary=false; factoryBeanName=null; factoryMethodName=null; initMethodName=null; destroyMethodName=null, order = 1700, Root bean: class [org.springframework.security.web.access.ExceptionTranslationFilter]; scope=; abstract=false; lazyInit=false; autowireMode=0; dependencyCheck=0; autowireCandidate=true; primary=false; factoryBeanName=null; factoryMethodName=null; initMethodName=null; destroyMethodName=null, order = 1800, <org.springframework.security.web.access.intercept.FilterSecurityInterceptor#0>, order = 1900]
30/10/2012 14:44:57,143  INFO org.springframework.beans.factory.support.DefaultListableBeanFactory - Pre-instantiating singletons in org.springframework.beans.factory.support.DefaultListableBeanFactory@11dea651: defining beans [genericRenderAction,genericAction,genericDecisor,genericCustomAction,contextoVentanaFactory,contextoOperacionFactory,contextoFlujoFactory,PresentacionRenderActionError,org.springframework.web.servlet.handler.SimpleUrlHandlerMapping#0,flowController,controlFlujoListener,formatterTransitionListener,breadcrumbListener,facesContextListener,flowExecutor,flowRegistry,org.springframework.faces.model.converter.FacesConversionService#0,org.springframework.webflow.expression.spel.WebFlowSpringELExpressionParser#0,org.springframework.faces.webflow.JsfViewFactoryCreator#0,facesFlowBuilderServices,md5,fawnaUserDetailsService,fawnaAuthProvider,org.springframework.security.authentication.DefaultAuthenticationEventPublisher#0,org.springframework.security.authenticationManager,anonymousProcessingFilter,org.springframework.security.web.PortMapperImpl#0,org.springframework.security.web.context.HttpSessionSecurityContextRepository#0,org.springframework.security.web.authentication.session.SessionFixationProtectionStrategy#0,org.springframework.security.authentication.ProviderManager#0,org.springframework.security.web.access.channel.ChannelDecisionManagerImpl#0,org.springframework.security.access.vote.AffirmativeBased#0,org.springframework.security.web.access.intercept.FilterSecurityInterceptor#0,org.springframework.security.web.access.DefaultWebInvocationPrivilegeEvaluator#0,org.springframework.security.authentication.AnonymousAuthenticationProvider#0,org.springframework.security.web.savedrequest.HttpSessionRequestCache#0,org.springframework.security.web.authentication.www.BasicAuthenticationEntryPoint#0,org.springframework.security.web.authentication.UsernamePasswordAuthenticationFilter#0,org.springframework.security.config.http.UserDetailsServiceInjectionBeanPostProcessor#0,org.springframework.security.filterChainProxy]; root of factory hierarchy
30/10/2012 14:44:57,326  INFO org.springframework.web.servlet.handler.SimpleUrlHandlerMapping - Default mapping to handler 'flowController'
30/10/2012 14:44:57,391  INFO org.springframework.security.web.access.intercept.FilterSecurityInterceptor - Validated configuration attributes
30/10/2012 14:44:57,433  INFO org.springframework.security.web.access.channel.ChannelProcessingFilter - Validated configuration attributes
30/10/2012 14:44:57,465  INFO org.springframework.web.context.ContextLoader - Root WebApplicationContext: initialization completed in 19378 ms
30/10/2012 14:44:57,467  INFO org.apache.tiles.context.AbstractTilesApplicationContextFactory - Initializing Tiles2 application context. . .
30/10/2012 14:44:57,470  INFO org.apache.tiles.context.AbstractTilesApplicationContextFactory - Finished initializing Tiles2 application context.
30/10/2012 14:44:57,482  INFO org.apache.tiles.factory.TilesContainerFactory - Initializing Tiles2 container. . .
30/10/2012 14:44:57,501  INFO org.apache.tiles.factory.TilesContainerFactory - Tiles2 container initialized
30/10/2012 14:44:57,501  INFO org.apache.tiles.access.TilesAccess - Publishing TilesContext for context: com.treelogic.fawna.presentacion.core.tiles.servlet.PresentacionServletTilesApplicationContext
30/10/2012 14:44:57,517  INFO org.apache.jcs.engine.control.CompositeCacheManager - Creating cache manager from config file: /cache.ccf
30/10/2012 14:44:57,522  INFO org.apache.jcs.utils.threadpool.ThreadPoolManager - thread_pool.default PoolConfiguration = useBoundary = [true] boundarySize = [2000] maximumPoolSize = [150] minimumPoolSize = [4] keepAliveTime = [300000] whenBlockedPolicy = [RUN] startUpSize = [4]
30/10/2012 14:44:57,524  INFO org.apache.jcs.engine.control.CompositeCacheConfigurator - Setting default auxiliaries to 
30/10/2012 14:44:57,527  INFO org.apache.jcs.engine.control.CompositeCacheConfigurator - setting defaultCompositeCacheAttributes to [ useLateral = true, useRemote = true, useDisk = true, maxObjs = 500, maxSpoolPerRun = -1, diskUsagePattern = 0 ]
30/10/2012 14:44:57,527  INFO org.apache.jcs.engine.control.CompositeCacheConfigurator - No special ElementAttribute class defined for key [jcs.default.elementattributes], using default class.
30/10/2012 14:44:57,527  INFO org.apache.jcs.engine.control.CompositeCacheConfigurator - setting defaultElementAttributes to [ IS_LATERAL = true, IS_SPOOL = true, IS_REMOTE = true, IS_ETERNAL = true, MaxLifeSeconds = -1, IdleTime = -1, CreateTime = 1351604697527, LastAccessTime = 1351604697527, getTimeToLiveSeconds() = -1, createTime = 1351604697527 ]
30/10/2012 14:44:57,546  INFO org.apache.jcs.engine.memory.lru.LRUMemoryCache - initialized LRUMemoryCache for cacheCustomClass
30/10/2012 14:44:57,546  INFO org.apache.jcs.engine.control.CompositeCache - Constructed cache with name [cacheCustomClass] and cache attributes [ useLateral = true, useRemote = true, useDisk = true, maxObjs = 203, maxSpoolPerRun = 500, diskUsagePattern = 0 ]
30/10/2012 14:44:57,546  INFO org.apache.jcs.engine.memory.lru.LRUMemoryCache - initialized LRUMemoryCache for cacheFormatters
30/10/2012 14:44:57,546  INFO org.apache.jcs.engine.control.CompositeCache - Constructed cache with name [cacheFormatters] and cache attributes [ useLateral = true, useRemote = true, useDisk = true, maxObjs = 503, maxSpoolPerRun = 500, diskUsagePattern = 0 ]
30/10/2012 14:44:57,547  INFO org.apache.jcs.engine.memory.lru.LRUMemoryCache - initialized LRUMemoryCache for cacheFlowActions
30/10/2012 14:44:57,547  INFO org.apache.jcs.engine.control.CompositeCache - Constructed cache with name [cacheFlowActions] and cache attributes [ useLateral = true, useRemote = true, useDisk = true, maxObjs = 503, maxSpoolPerRun = 500, diskUsagePattern = 0 ]
30/10/2012 14:44:57,547  INFO org.apache.jcs.engine.memory.lru.LRUMemoryCache - initialized LRUMemoryCache for cacheSNInvoker
30/10/2012 14:44:57,547  INFO org.apache.jcs.engine.control.CompositeCache - Constructed cache with name [cacheSNInvoker] and cache attributes [ useLateral = true, useRemote = true, useDisk = true, maxObjs = 5003, maxSpoolPerRun = 500, diskUsagePattern = 0 ]
30/10/2012 14:44:57,547  INFO org.apache.jcs.engine.memory.lru.LRUMemoryCache - initialized LRUMemoryCache for cacheListeners
30/10/2012 14:44:57,547  INFO org.apache.jcs.engine.control.CompositeCache - Constructed cache with name [cacheListeners] and cache attributes [ useLateral = true, useRemote = true, useDisk = true, maxObjs = 1003, maxSpoolPerRun = 500, diskUsagePattern = 0 ]
30/10/2012 14:44:57,547  INFO org.apache.jcs.engine.memory.lru.LRUMemoryCache - initialized LRUMemoryCache for cacheProperties
30/10/2012 14:44:57,547  INFO org.apache.jcs.engine.control.CompositeCache - Constructed cache with name [cacheProperties] and cache attributes [ useLateral = true, useRemote = true, useDisk = true, maxObjs = 103, maxSpoolPerRun = 500, diskUsagePattern = 0 ]
30/10/2012 14:44:57,547  INFO org.apache.jcs.engine.control.CompositeCacheConfigurator - Parsed regions [cacheCustomClass, cacheFormatters, cacheFlowActions, cacheSNInvoker, cacheListeners, cacheProperties]
30/10/2012 14:44:57,547  INFO org.apache.jcs.engine.control.CompositeCacheConfigurator - Finished configuration in 24 ms.
30/10/2012 14:44:57,550 ERROR com.treelogic.fawna.presentacion.core.utilidades.FawnaPropertyConfiguration - No se ha podido cargar el recurso 'conf/BDRMGR'. Recurso no disponible
30/10/2012 14:44:57,555  INFO org.apache.tiles.servlet.context.ServletUtil - Removing TilesContext for context: org.apache.catalina.core.ApplicationContextFacade
30/10/2012 14:44:57,555  INFO org.springframework.web.context.support.XmlWebApplicationContext - Closing Root WebApplicationContext: startup date [Tue Oct 30 14:44:38 CET 2012]; root of context hierarchy
30/10/2012 14:44:57,555  INFO org.springframework.beans.factory.support.DefaultListableBeanFactory - Destroying singletons in org.springframework.beans.factory.support.DefaultListableBeanFactory@11dea651: defining beans [genericRenderAction,genericAction,genericDecisor,genericCustomAction,contextoVentanaFactory,contextoOperacionFactory,contextoFlujoFactory,PresentacionRenderActionError,org.springframework.web.servlet.handler.SimpleUrlHandlerMapping#0,flowController,controlFlujoListener,formatterTransitionListener,breadcrumbListener,facesContextListener,flowExecutor,flowRegistry,org.springframework.faces.model.converter.FacesConversionService#0,org.springframework.webflow.expression.spel.WebFlowSpringELExpressionParser#0,org.springframework.faces.webflow.JsfViewFactoryCreator#0,facesFlowBuilderServices,md5,fawnaUserDetailsService,fawnaAuthProvider,org.springframework.security.authentication.DefaultAuthenticationEventPublisher#0,org.springframework.security.authenticationManager,anonymousProcessingFilter,org.springframework.security.web.PortMapperImpl#0,org.springframework.security.web.context.HttpSessionSecurityContextRepository#0,org.springframework.security.web.authentication.session.SessionFixationProtectionStrategy#0,org.springframework.security.authentication.ProviderManager#0,org.springframework.security.web.access.channel.ChannelDecisionManagerImpl#0,org.springframework.security.access.vote.AffirmativeBased#0,org.springframework.security.web.access.intercept.FilterSecurityInterceptor#0,org.springframework.security.web.access.DefaultWebInvocationPrivilegeEvaluator#0,org.springframework.security.authentication.AnonymousAuthenticationProvider#0,org.springframework.security.web.savedrequest.HttpSessionRequestCache#0,org.springframework.security.web.authentication.www.BasicAuthenticationEntryPoint#0,org.springframework.security.web.authentication.UsernamePasswordAuthenticationFilter#0,org.springframework.security.config.http.UserDetailsServiceInjectionBeanPostProcessor#0,org.springframework.security.filterChainProxy]; root of factory hierarchy
30/10/2012 14:44:57,564  INFO org.apache.myfaces.webapp.StartupServletContextListener - Checking for plugins:org.apache.myfaces.FACES_INIT_PLUGINS
30/10/2012 14:44:57,584  INFO org.apache.myfaces.config.annotation.DefaultLifecycleProviderFactory - No ExternalContext using fallback LifecycleProvider.
30/10/2012 14:44:57,586  INFO org.apache.myfaces.config.annotation.DefaultLifecycleProviderFactory - Using LifecycleProvider org.apache.myfaces.config.annotation.AllAnnotationLifecycleProvider
30/10/2012 14:44:57,588  INFO org.apache.myfaces.webapp.StartupServletContextListener - Checking for plugins:org.apache.myfaces.FACES_INIT_PLUGINS
30/10/2012 14:45:00,100  INFO org.apache.myfaces.webapp.StartupServletContextListener - Checking for plugins:org.apache.myfaces.FACES_INIT_PLUGINS
30/10/2012 14:45:00,114  INFO org.apache.myfaces.shared_impl.config.MyfacesConfig - No context init parameter 'org.apache.myfaces.PRETTY_HTML' found, using default value true
30/10/2012 14:45:00,114  INFO org.apache.myfaces.shared_impl.config.MyfacesConfig - No context init parameter 'org.apache.myfaces.ALLOW_JAVASCRIPT' found, using default value true
30/10/2012 14:45:00,114  INFO org.apache.myfaces.shared_impl.config.MyfacesConfig - No context init parameter 'org.apache.myfaces.RENDER_CLEAR_JAVASCRIPT_FOR_BUTTON' found, using default value false
30/10/2012 14:45:00,114  INFO org.apache.myfaces.shared_impl.config.MyfacesConfig - No context init parameter 'org.apache.myfaces.RENDER_HIDDEN_FIELDS_FOR_LINK_PARAMS' found, using default value false
30/10/2012 14:45:00,114  INFO org.apache.myfaces.shared_impl.config.MyfacesConfig - No context init parameter 'org.apache.myfaces.SAVE_FORM_SUBMIT_LINK_IE' found, using default value false
30/10/2012 14:45:00,114  INFO org.apache.myfaces.shared_impl.config.MyfacesConfig - No context init parameter 'org.apache.myfaces.READONLY_AS_DISABLED_FOR_SELECTS' found, using default value true
30/10/2012 14:45:00,114  INFO org.apache.myfaces.shared_impl.config.MyfacesConfig - No context init parameter 'org.apache.myfaces.RENDER_VIEWSTATE_ID' found, using default value true
30/10/2012 14:45:00,114  INFO org.apache.myfaces.shared_impl.config.MyfacesConfig - No context init parameter 'org.apache.myfaces.STRICT_XHTML_LINKS' found, using default value true
30/10/2012 14:45:00,114  INFO org.apache.myfaces.shared_impl.config.MyfacesConfig - No context init parameter 'org.apache.myfaces.CONFIG_REFRESH_PERIOD' found, using default value 2
30/10/2012 14:45:00,114  INFO org.apache.myfaces.shared_impl.config.MyfacesConfig - No context init parameter 'org.apache.myfaces.VIEWSTATE_JAVASCRIPT' found, using default value false
30/10/2012 14:45:00,114  INFO org.apache.myfaces.shared_impl.config.MyfacesConfig - No context init parameter 'org.apache.myfaces.DETECT_JAVASCRIPT' found, using default value false
30/10/2012 14:45:00,114  INFO org.apache.myfaces.shared_impl.config.MyfacesConfig - No context init parameter 'org.apache.myfaces.AUTO_SCROLL' found, using default value false
30/10/2012 14:45:00,114  INFO org.apache.myfaces.shared_impl.config.MyfacesConfig - No context init parameter 'org.apache.myfaces.ADD_RESOURCE_CLASS' found, using default value org.apache.myfaces.renderkit.html.util.DefaultAddResource
30/10/2012 14:45:00,114  INFO org.apache.myfaces.shared_impl.config.MyfacesConfig - No context init parameter 'org.apache.myfaces.RESOURCE_VIRTUAL_PATH' found, using default value /faces/myFacesExtensionResource
30/10/2012 14:45:00,114  INFO org.apache.myfaces.shared_impl.config.MyfacesConfig - No context init parameter 'org.apache.myfaces.CHECK_EXTENSIONS_FILTER' found, using default value true
30/10/2012 14:45:00,114  INFO org.apache.myfaces.shared_impl.config.MyfacesConfig - Starting up Tomahawk on the RI-JSF-Implementation.
30/10/2012 14:45:00,114  INFO org.apache.myfaces.shared_impl.config.MyfacesConfig - Starting up Tomahawk on the MyFaces-JSF-Implementation
30/10/2012 14:45:00,114 ERROR org.apache.myfaces.shared_impl.config.MyfacesConfig - Both MyFaces and the RI are on your classpath. Please make sure to use only one of the two JSF-implementations.
30/10/2012 14:45:00,136  INFO org.apache.myfaces.config.FacesConfigurator - Reading standard config META-INF/standard-faces-config.xml
30/10/2012 14:45:00,284  INFO org.apache.myfaces.config.FacesConfigurator - Reading config : jar:file:/opt/jboss-4.2.3.GA/server/default/tmp/deploy/tmp5362370015822188150TRONPRE-exp.war/WEB-INF/lib/com.springsource.com.sun.facelets-1.1.14.jar!/META-INF/faces-config.xml
30/10/2012 14:45:00,288  INFO org.apache.myfaces.config.FacesConfigurator - Reading config : jar:file:/opt/jboss-4.2.3.GA/server/default/tmp/deploy/tmp5362370015822188150TRONPRE-exp.war/WEB-INF/lib/com.treelogic.fawna.presentacion.componentes-1.1.1.jar!/META-INF/faces-config.xml
30/10/2012 14:45:00,300  INFO org.apache.myfaces.config.FacesConfigurator - Reading config : jar:file:/opt/jboss-4.2.3.GA/server/default/tmp/deploy/tmp5362370015822188150TRONPRE-exp.war/WEB-INF/lib/com.treelogic.fawna.presentacion.componentes.ext.chart-1.0.0.jar!/META-INF/faces-config.xml
30/10/2012 14:45:00,300  INFO org.apache.myfaces.config.FacesConfigurator - Reading config : jar:file:/opt/jboss-4.2.3.GA/server/default/tmp/deploy/tmp5362370015822188150TRONPRE-exp.war/WEB-INF/lib/com.treelogic.fawna.presentacion.componentes.ext.security-1.0.0.jar!/META-INF/faces-config.xml
30/10/2012 14:45:00,301  INFO org.apache.myfaces.config.FacesConfigurator - Reading config : jar:file:/opt/jboss-4.2.3.GA/server/default/tmp/deploy/tmp5362370015822188150TRONPRE-exp.war/WEB-INF/lib/com.treelogic.fawna.presentacion.core-1.1.0.jar!/META-INF/faces-config.xml
30/10/2012 14:45:00,302  INFO org.apache.myfaces.config.FacesConfigurator - Reading config : jar:file:/opt/jboss-4.2.3.GA/server/default/tmp/deploy/tmp5362370015822188150TRONPRE-exp.war/WEB-INF/lib/fiji-api-1.0.0.jar!/META-INF/faces-config.xml
30/10/2012 14:45:00,302  INFO org.apache.myfaces.config.FacesConfigurator - Reading config : jar:file:/opt/jboss-4.2.3.GA/server/default/tmp/deploy/tmp5362370015822188150TRONPRE-exp.war/WEB-INF/lib/fiji-ui-1.0.0.jar!/META-INF/faces-config.xml
30/10/2012 14:45:00,305  INFO org.apache.myfaces.config.FacesConfigurator - Reading config : jar:file:/opt/jboss-4.2.3.GA/server/default/tmp/deploy/tmp5362370015822188150TRONPRE-exp.war/WEB-INF/lib/org.springframework.faces-2.2.1.RELEASE.jar!/META-INF/faces-config.xml
30/10/2012 14:45:00,311  INFO org.apache.myfaces.config.FacesConfigurator - Reading config : jar:file:/opt/jboss-4.2.3.GA/server/default/tmp/deploy/tmp5362370015822188150TRONPRE-exp.war/WEB-INF/lib/richfaces-impl-3.3.3.Final.jar!/META-INF/faces-config.xml
30/10/2012 14:45:00,313  INFO org.apache.myfaces.config.FacesConfigurator - Reading config : jar:file:/opt/jboss-4.2.3.GA/server/default/tmp/deploy/tmp5362370015822188150TRONPRE-exp.war/WEB-INF/lib/richfaces-ui-3.3.3.Final.jar!/META-INF/faces-config.xml
30/10/2012 14:45:00,354  INFO org.apache.myfaces.config.FacesConfigurator - Reading config : jar:file:/opt/jboss-4.2.3.GA/server/default/tmp/deploy/tmp5362370015822188150TRONPRE-exp.war/WEB-INF/lib/tomahawk12-1.1.11.jar!/META-INF/faces-config.xml
30/10/2012 14:45:00,367  INFO org.apache.myfaces.config.FacesConfigurator - Reading config /WEB-INF/faces-config.xml
30/10/2012 14:45:00,382  INFO org.apache.myfaces.config.FacesConfigurator - Starting up MyFaces-package : myfaces-api in version : 1.2.9 from path : file:/opt/jboss-4.2.3.GA/server/default/tmp/deploy/tmp5362370015822188150TRONPRE-exp.war/WEB-INF/lib/myfaces-api-1.2.9.jar
30/10/2012 14:45:00,382  INFO org.apache.myfaces.config.FacesConfigurator - Starting up MyFaces-package : myfaces-impl in version : 1.2.9 from path : file:/opt/jboss-4.2.3.GA/server/default/tmp/deploy/tmp5362370015822188150TRONPRE-exp.war/WEB-INF/lib/myfaces-impl-1.2.9.jar
30/10/2012 14:45:00,382  INFO org.apache.myfaces.config.FacesConfigurator - MyFaces-package : tomahawk not found.
30/10/2012 14:45:00,382  INFO org.apache.myfaces.config.FacesConfigurator - Starting up MyFaces-package : tomahawk12 in version : 1.1.11 from path : file:/opt/jboss-4.2.3.GA/server/default/tmp/deploy/tmp5362370015822188150TRONPRE-exp.war/WEB-INF/lib/tomahawk12-1.1.11.jar
30/10/2012 14:45:00,382  INFO org.apache.myfaces.config.FacesConfigurator - MyFaces-package : tomahawk-sandbox not found.
30/10/2012 14:45:00,382  INFO org.apache.myfaces.config.FacesConfigurator - MyFaces-package : tomahawk-sandbox12 not found.
30/10/2012 14:45:00,382  INFO org.apache.myfaces.config.FacesConfigurator - MyFaces-package : tomahawk-sandbox15 not found.
30/10/2012 14:45:00,382  INFO org.apache.myfaces.config.FacesConfigurator - MyFaces-package : myfaces-orchestra-core not found.
30/10/2012 14:45:00,383  INFO org.apache.myfaces.config.FacesConfigurator - MyFaces-package : myfaces-orchestra-core12 not found.
30/10/2012 14:45:00,383  INFO org.apache.myfaces.config.FacesConfigurator - MyFaces-package : trinidad-api not found.
30/10/2012 14:45:00,383  INFO org.apache.myfaces.config.FacesConfigurator - MyFaces-package : trinidad-impl not found.
30/10/2012 14:45:00,383  INFO org.apache.myfaces.config.FacesConfigurator - MyFaces-package : tobago not found.
30/10/2012 14:45:00,383  INFO org.apache.myfaces.config.FacesConfigurator - Starting up MyFaces-package : commons-el in version : 1.0 from path : file:/opt/jboss-4.2.3.GA/server/default/tmp/deploy/tmp5362370015822188150TRONPRE-exp.war/WEB-INF/lib/commons-el-1.0.jar
30/10/2012 14:45:00,383  INFO org.apache.myfaces.config.FacesConfigurator - MyFaces-package : jsp-api not found.
30/10/2012 14:45:00,410  WARN org.apache.myfaces.shared_impl.util.LocaleUtils - Locale name in faces-config.xml null or empty, setting locale to default locale : es_ES
30/10/2012 14:45:01,199  INFO org.apache.myfaces.config.FacesConfigurator - Serialization provider : class org.apache.myfaces.shared_impl.util.serial.DefaultSerialFactory
30/10/2012 14:45:01,204  INFO org.apache.myfaces.webapp.AbstractFacesInitializer - ServletContext '/opt/jboss-4.2.3.GA/server/default/./tmp/deploy/tmp5362370015822188150TRONPRE-exp.war/' initialized.
30/10/2012 14:45:01,204  INFO org.apache.myfaces.webapp.StartupServletContextListener - Checking for plugins:org.apache.myfaces.FACES_INIT_PLUGINS
30/10/2012 14:45:01,204  INFO org.springframework.web.context.ContextLoader - Root WebApplicationContext: initialization started
30/10/2012 14:45:01,222  INFO org.springframework.web.context.support.XmlWebApplicationContext - Refreshing Root WebApplicationContext: startup date [Tue Oct 30 14:45:01 CET 2012]; root of context hierarchy
30/10/2012 14:45:01,252  INFO org.springframework.beans.factory.xml.XmlBeanDefinitionReader - Loading XML bean definitions from ServletContext resource [/WEB-INF/config/web-application-config.xml]
30/10/2012 14:45:01,272  INFO org.springframework.beans.factory.xml.XmlBeanDefinitionReader - Loading XML bean definitions from ServletContext resource [/WEB-INF/config/webflow-config.xml]
30/10/2012 14:45:01,306  INFO org.springframework.beans.factory.xml.XmlBeanDefinitionReader - Loading XML bean definitions from ServletContext resource [/WEB-INF/config/security-config.xml]
30/10/2012 14:45:01,370  INFO org.springframework.security.config.http.HttpSecurityBeanDefinitionParser - Checking sorted filter chain: [Root bean: class [org.springframework.security.web.access.channel.ChannelProcessingFilter]; scope=; abstract=false; lazyInit=false; autowireMode=0; dependencyCheck=0; autowireCandidate=true; primary=false; factoryBeanName=null; factoryMethodName=null; initMethodName=null; destroyMethodName=null, order = 100, Root bean: class [org.springframework.security.web.context.SecurityContextPersistenceFilter]; scope=; abstract=false; lazyInit=false; autowireMode=0; dependencyCheck=0; autowireCandidate=true; primary=false; factoryBeanName=null; factoryMethodName=null; initMethodName=null; destroyMethodName=null, order = 300, Root bean: class [org.springframework.security.web.authentication.logout.LogoutFilter]; scope=; abstract=false; lazyInit=false; autowireMode=0; dependencyCheck=0; autowireCandidate=true; primary=false; factoryBeanName=null; factoryMethodName=null; initMethodName=null; destroyMethodName=null, order = 400, Root bean: class [org.springframework.security.web.authentication.UsernamePasswordAuthenticationFilter]; scope=; abstract=false; lazyInit=false; autowireMode=0; dependencyCheck=0; autowireCandidate=true; primary=false; factoryBeanName=null; factoryMethodName=null; initMethodName=null; destroyMethodName=null, order = 800, Root bean: class [org.springframework.security.web.authentication.www.BasicAuthenticationFilter]; scope=; abstract=false; lazyInit=false; autowireMode=0; dependencyCheck=0; autowireCandidate=true; primary=false; factoryBeanName=null; factoryMethodName=null; initMethodName=null; destroyMethodName=null, order = 1200, Root bean: class [org.springframework.security.web.savedrequest.RequestCacheAwareFilter]; scope=; abstract=false; lazyInit=false; autowireMode=0; dependencyCheck=0; autowireCandidate=true; primary=false; factoryBeanName=null; factoryMethodName=null; initMethodName=null; destroyMethodName=null, order = 1300, Root bean: class [org.springframework.security.web.servletapi.SecurityContextHolderAwareRequestFilter]; scope=; abstract=false; lazyInit=false; autowireMode=0; dependencyCheck=0; autowireCandidate=true; primary=false; factoryBeanName=null; factoryMethodName=null; initMethodName=null; destroyMethodName=null, order = 1400, Root bean: class [org.springframework.security.web.authentication.AnonymousAuthenticationFilter]; scope=; abstract=false; lazyInit=false; autowireMode=0; dependencyCheck=0; autowireCandidate=true; primary=false; factoryBeanName=null; factoryMethodName=null; initMethodName=null; destroyMethodName=null, order = 1600, Root bean: class [org.springframework.security.web.session.SessionManagementFilter]; scope=; abstract=false; lazyInit=false; autowireMode=0; dependencyCheck=0; autowireCandidate=true; primary=false; factoryBeanName=null; factoryMethodName=null; initMethodName=null; destroyMethodName=null, order = 1700, Root bean: class [org.springframework.security.web.access.ExceptionTranslationFilter]; scope=; abstract=false; lazyInit=false; autowireMode=0; dependencyCheck=0; autowireCandidate=true; primary=false; factoryBeanName=null; factoryMethodName=null; initMethodName=null; destroyMethodName=null, order = 1800, <org.springframework.security.web.access.intercept.FilterSecurityInterceptor#0>, order = 1900]
30/10/2012 14:45:01,442  INFO org.springframework.beans.factory.support.DefaultListableBeanFactory - Pre-instantiating singletons in org.springframework.beans.factory.support.DefaultListableBeanFactory@2903ccd9: defining beans [genericRenderAction,genericAction,genericDecisor,genericCustomAction,contextoVentanaFactory,contextoOperacionFactory,contextoFlujoFactory,PresentacionRenderActionError,org.springframework.web.servlet.handler.SimpleUrlHandlerMapping#0,flowController,controlFlujoListener,formatterTransitionListener,breadcrumbListener,facesContextListener,flowExecutor,flowRegistry,org.springframework.faces.model.converter.FacesConversionService#0,org.springframework.webflow.expression.spel.WebFlowSpringELExpressionParser#0,org.springframework.faces.webflow.JsfViewFactoryCreator#0,facesFlowBuilderServices,md5,fawnaUserDetailsService,fawnaAuthProvider,org.springframework.security.authentication.DefaultAuthenticationEventPublisher#0,org.springframework.security.authenticationManager,anonymousProcessingFilter,org.springframework.security.web.PortMapperImpl#0,org.springframework.security.web.context.HttpSessionSecurityContextRepository#0,org.springframework.security.web.authentication.session.SessionFixationProtectionStrategy#0,org.springframework.security.authentication.ProviderManager#0,org.springframework.security.web.access.channel.ChannelDecisionManagerImpl#0,org.springframework.security.access.vote.AffirmativeBased#0,org.springframework.security.web.access.intercept.FilterSecurityInterceptor#0,org.springframework.security.web.access.DefaultWebInvocationPrivilegeEvaluator#0,org.springframework.security.authentication.AnonymousAuthenticationProvider#0,org.springframework.security.web.savedrequest.HttpSessionRequestCache#0,org.springframework.security.web.authentication.www.BasicAuthenticationEntryPoint#0,org.springframework.security.web.authentication.UsernamePasswordAuthenticationFilter#0,org.springframework.security.config.http.UserDetailsServiceInjectionBeanPostProcessor#0,org.springframework.security.filterChainProxy]; root of factory hierarchy
30/10/2012 14:45:01,635  INFO org.springframework.web.servlet.handler.SimpleUrlHandlerMapping - Default mapping to handler 'flowController'
30/10/2012 14:45:01,697  INFO org.springframework.security.web.access.intercept.FilterSecurityInterceptor - Validated configuration attributes
30/10/2012 14:45:01,741  INFO org.springframework.security.web.access.channel.ChannelProcessingFilter - Validated configuration attributes
30/10/2012 14:45:01,773  INFO org.springframework.web.context.ContextLoader - Root WebApplicationContext: initialization completed in 569 ms
30/10/2012 14:45:01,775  INFO org.apache.tiles.context.AbstractTilesApplicationContextFactory - Initializing Tiles2 application context. . .
30/10/2012 14:45:01,778  INFO org.apache.tiles.context.AbstractTilesApplicationContextFactory - Finished initializing Tiles2 application context.
30/10/2012 14:45:01,791  INFO org.apache.tiles.factory.TilesContainerFactory - Initializing Tiles2 container. . .
30/10/2012 14:45:01,808  INFO org.apache.tiles.factory.TilesContainerFactory - Tiles2 container initialized
30/10/2012 14:45:01,808  INFO org.apache.tiles.access.TilesAccess - Publishing TilesContext for context: com.treelogic.fawna.presentacion.core.tiles.servlet.PresentacionServletTilesApplicationContext
30/10/2012 14:45:01,823  INFO org.apache.jcs.engine.control.CompositeCacheManager - Creating cache manager from config file: /cache.ccf
30/10/2012 14:45:01,827  INFO org.apache.jcs.utils.threadpool.ThreadPoolManager - thread_pool.default PoolConfiguration = useBoundary = [true] boundarySize = [2000] maximumPoolSize = [150] minimumPoolSize = [4] keepAliveTime = [300000] whenBlockedPolicy = [RUN] startUpSize = [4]
30/10/2012 14:45:01,828  INFO org.apache.jcs.engine.control.CompositeCacheConfigurator - Setting default auxiliaries to 
30/10/2012 14:45:01,831  INFO org.apache.jcs.engine.control.CompositeCacheConfigurator - setting defaultCompositeCacheAttributes to [ useLateral = true, useRemote = true, useDisk = true, maxObjs = 500, maxSpoolPerRun = -1, diskUsagePattern = 0 ]
30/10/2012 14:45:01,831  INFO org.apache.jcs.engine.control.CompositeCacheConfigurator - No special ElementAttribute class defined for key [jcs.default.elementattributes], using default class.
30/10/2012 14:45:01,832  INFO org.apache.jcs.engine.control.CompositeCacheConfigurator - setting defaultElementAttributes to [ IS_LATERAL = true, IS_SPOOL = true, IS_REMOTE = true, IS_ETERNAL = true, MaxLifeSeconds = -1, IdleTime = -1, CreateTime = 1351604701832, LastAccessTime = 1351604701832, getTimeToLiveSeconds() = -1, createTime = 1351604701832 ]
30/10/2012 14:45:01,848  INFO org.apache.jcs.engine.memory.lru.LRUMemoryCache - initialized LRUMemoryCache for cacheCustomClass
30/10/2012 14:45:01,848  INFO org.apache.jcs.engine.control.CompositeCache - Constructed cache with name [cacheCustomClass] and cache attributes [ useLateral = true, useRemote = true, useDisk = true, maxObjs = 203, maxSpoolPerRun = 500, diskUsagePattern = 0 ]
30/10/2012 14:45:01,849  INFO org.apache.jcs.engine.memory.lru.LRUMemoryCache - initialized LRUMemoryCache for cacheFormatters
30/10/2012 14:45:01,849  INFO org.apache.jcs.engine.control.CompositeCache - Constructed cache with name [cacheFormatters] and cache attributes [ useLateral = true, useRemote = true, useDisk = true, maxObjs = 503, maxSpoolPerRun = 500, diskUsagePattern = 0 ]
30/10/2012 14:45:01,849  INFO org.apache.jcs.engine.memory.lru.LRUMemoryCache - initialized LRUMemoryCache for cacheFlowActions
30/10/2012 14:45:01,849  INFO org.apache.jcs.engine.control.CompositeCache - Constructed cache with name [cacheFlowActions] and cache attributes [ useLateral = true, useRemote = true, useDisk = true, maxObjs = 503, maxSpoolPerRun = 500, diskUsagePattern = 0 ]
30/10/2012 14:45:01,849  INFO org.apache.jcs.engine.memory.lru.LRUMemoryCache - initialized LRUMemoryCache for cacheSNInvoker
30/10/2012 14:45:01,849  INFO org.apache.jcs.engine.control.CompositeCache - Constructed cache with name [cacheSNInvoker] and cache attributes [ useLateral = true, useRemote = true, useDisk = true, maxObjs = 5003, maxSpoolPerRun = 500, diskUsagePattern = 0 ]
30/10/2012 14:45:01,849  INFO org.apache.jcs.engine.memory.lru.LRUMemoryCache - initialized LRUMemoryCache for cacheListeners
30/10/2012 14:45:01,849  INFO org.apache.jcs.engine.control.CompositeCache - Constructed cache with name [cacheListeners] and cache attributes [ useLateral = true, useRemote = true, useDisk = true, maxObjs = 1003, maxSpoolPerRun = 500, diskUsagePattern = 0 ]
30/10/2012 14:45:01,850  INFO org.apache.jcs.engine.memory.lru.LRUMemoryCache - initialized LRUMemoryCache for cacheProperties
30/10/2012 14:45:01,850  INFO org.apache.jcs.engine.control.CompositeCache - Constructed cache with name [cacheProperties] and cache attributes [ useLateral = true, useRemote = true, useDisk = true, maxObjs = 103, maxSpoolPerRun = 500, diskUsagePattern = 0 ]
30/10/2012 14:45:01,850  INFO org.apache.jcs.engine.control.CompositeCacheConfigurator - Parsed regions [cacheCustomClass, cacheFormatters, cacheFlowActions, cacheSNInvoker, cacheListeners, cacheProperties]
30/10/2012 14:45:01,850  INFO org.apache.jcs.engine.control.CompositeCacheConfigurator - Finished configuration in 22 ms.
30/10/2012 14:45:01,852 ERROR com.treelogic.fawna.presentacion.core.utilidades.FawnaPropertyConfiguration - No se ha podido cargar el recurso 'conf/TRONPRE'. Recurso no disponible
30/10/2012 14:45:01,856  INFO org.apache.tiles.servlet.context.ServletUtil - Removing TilesContext for context: org.apache.catalina.core.ApplicationContextFacade
30/10/2012 14:45:01,856  INFO org.springframework.web.context.support.XmlWebApplicationContext - Closing Root WebApplicationContext: startup date [Tue Oct 30 14:45:01 CET 2012]; root of context hierarchy
30/10/2012 14:45:01,856  INFO org.springframework.beans.factory.support.DefaultListableBeanFactory - Destroying singletons in org.springframework.beans.factory.support.DefaultListableBeanFactory@2903ccd9: defining beans [genericRenderAction,genericAction,genericDecisor,genericCustomAction,contextoVentanaFactory,contextoOperacionFactory,contextoFlujoFactory,PresentacionRenderActionError,org.springframework.web.servlet.handler.SimpleUrlHandlerMapping#0,flowController,controlFlujoListener,formatterTransitionListener,breadcrumbListener,facesContextListener,flowExecutor,flowRegistry,org.springframework.faces.model.converter.FacesConversionService#0,org.springframework.webflow.expression.spel.WebFlowSpringELExpressionParser#0,org.springframework.faces.webflow.JsfViewFactoryCreator#0,facesFlowBuilderServices,md5,fawnaUserDetailsService,fawnaAuthProvider,org.springframework.security.authentication.DefaultAuthenticationEventPublisher#0,org.springframework.security.authenticationManager,anonymousProcessingFilter,org.springframework.security.web.PortMapperImpl#0,org.springframework.security.web.context.HttpSessionSecurityContextRepository#0,org.springframework.security.web.authentication.session.SessionFixationProtectionStrategy#0,org.springframework.security.authentication.ProviderManager#0,org.springframework.security.web.access.channel.ChannelDecisionManagerImpl#0,org.springframework.security.access.vote.AffirmativeBased#0,org.springframework.security.web.access.intercept.FilterSecurityInterceptor#0,org.springframework.security.web.access.DefaultWebInvocationPrivilegeEvaluator#0,org.springframework.security.authentication.AnonymousAuthenticationProvider#0,org.springframework.security.web.savedrequest.HttpSessionRequestCache#0,org.springframework.security.web.authentication.www.BasicAuthenticationEntryPoint#0,org.springframework.security.web.authentication.UsernamePasswordAuthenticationFilter#0,org.springframework.security.config.http.UserDetailsServiceInjectionBeanPostProcessor#0,org.springframework.security.filterChainProxy]; root of factory hierarchy
30/10/2012 14:45:01,865  INFO org.apache.myfaces.webapp.StartupServletContextListener - Checking for plugins:org.apache.myfaces.FACES_INIT_PLUGINS
30/10/2012 14:45:01,883  INFO org.apache.myfaces.config.annotation.DefaultLifecycleProviderFactory - No ExternalContext using fallback LifecycleProvider.
30/10/2012 14:45:01,885  INFO org.apache.myfaces.config.annotation.DefaultLifecycleProviderFactory - Using LifecycleProvider org.apache.myfaces.config.annotation.AllAnnotationLifecycleProvider
30/10/2012 14:45:01,886  INFO org.apache.myfaces.webapp.StartupServletContextListener - Checking for plugins:org.apache.myfaces.FACES_INIT_PLUGINS
30/10/2012 14:47:53,760  INFO org.apache.myfaces.webapp.StartupServletContextListener - Checking for plugins:org.apache.myfaces.FACES_INIT_PLUGINS
30/10/2012 14:47:53,774  INFO org.apache.myfaces.shared_impl.config.MyfacesConfig - No context init parameter 'org.apache.myfaces.PRETTY_HTML' found, using default value true
30/10/2012 14:47:53,774  INFO org.apache.myfaces.shared_impl.config.MyfacesConfig - No context init parameter 'org.apache.myfaces.ALLOW_JAVASCRIPT' found, using default value true
30/10/2012 14:47:53,774  INFO org.apache.myfaces.shared_impl.config.MyfacesConfig - No context init parameter 'org.apache.myfaces.RENDER_CLEAR_JAVASCRIPT_FOR_BUTTON' found, using default value false
30/10/2012 14:47:53,774  INFO org.apache.myfaces.shared_impl.config.MyfacesConfig - No context init parameter 'org.apache.myfaces.RENDER_HIDDEN_FIELDS_FOR_LINK_PARAMS' found, using default value false
30/10/2012 14:47:53,774  INFO org.apache.myfaces.shared_impl.config.MyfacesConfig - No context init parameter 'org.apache.myfaces.SAVE_FORM_SUBMIT_LINK_IE' found, using default value false
30/10/2012 14:47:53,774  INFO org.apache.myfaces.shared_impl.config.MyfacesConfig - No context init parameter 'org.apache.myfaces.READONLY_AS_DISABLED_FOR_SELECTS' found, using default value true
30/10/2012 14:47:53,774  INFO org.apache.myfaces.shared_impl.config.MyfacesConfig - No context init parameter 'org.apache.myfaces.RENDER_VIEWSTATE_ID' found, using default value true
30/10/2012 14:47:53,774  INFO org.apache.myfaces.shared_impl.config.MyfacesConfig - No context init parameter 'org.apache.myfaces.STRICT_XHTML_LINKS' found, using default value true
30/10/2012 14:47:53,774  INFO org.apache.myfaces.shared_impl.config.MyfacesConfig - No context init parameter 'org.apache.myfaces.CONFIG_REFRESH_PERIOD' found, using default value 2
30/10/2012 14:47:53,774  INFO org.apache.myfaces.shared_impl.config.MyfacesConfig - No context init parameter 'org.apache.myfaces.VIEWSTATE_JAVASCRIPT' found, using default value false
30/10/2012 14:47:53,774  INFO org.apache.myfaces.shared_impl.config.MyfacesConfig - No context init parameter 'org.apache.myfaces.DETECT_JAVASCRIPT' found, using default value false
30/10/2012 14:47:53,774  INFO org.apache.myfaces.shared_impl.config.MyfacesConfig - No context init parameter 'org.apache.myfaces.AUTO_SCROLL' found, using default value false
30/10/2012 14:47:53,774  INFO org.apache.myfaces.shared_impl.config.MyfacesConfig - No context init parameter 'org.apache.myfaces.ADD_RESOURCE_CLASS' found, using default value org.apache.myfaces.renderkit.html.util.DefaultAddResource
30/10/2012 14:47:53,774  INFO org.apache.myfaces.shared_impl.config.MyfacesConfig - No context init parameter 'org.apache.myfaces.RESOURCE_VIRTUAL_PATH' found, using default value /faces/myFacesExtensionResource
30/10/2012 14:47:53,774  INFO org.apache.myfaces.shared_impl.config.MyfacesConfig - No context init parameter 'org.apache.myfaces.CHECK_EXTENSIONS_FILTER' found, using default value true
30/10/2012 14:47:53,774  INFO org.apache.myfaces.shared_impl.config.MyfacesConfig - Starting up Tomahawk on the RI-JSF-Implementation.
30/10/2012 14:47:53,774  INFO org.apache.myfaces.shared_impl.config.MyfacesConfig - Starting up Tomahawk on the MyFaces-JSF-Implementation
30/10/2012 14:47:53,774 ERROR org.apache.myfaces.shared_impl.config.MyfacesConfig - Both MyFaces and the RI are on your classpath. Please make sure to use only one of the two JSF-implementations.
30/10/2012 14:47:53,795  INFO org.apache.myfaces.config.FacesConfigurator - Reading standard config META-INF/standard-faces-config.xml
30/10/2012 14:47:53,898  INFO org.apache.myfaces.config.FacesConfigurator - Reading config : jar:file:/opt/jboss-4.2.3.GA/server/default/tmp/deploy/tmp8894233179289435030BDRMGR-exp.war/WEB-INF/lib/com.springsource.com.sun.facelets-1.1.14.jar!/META-INF/faces-config.xml
30/10/2012 14:47:53,902  INFO org.apache.myfaces.config.FacesConfigurator - Reading config : jar:file:/opt/jboss-4.2.3.GA/server/default/tmp/deploy/tmp8894233179289435030BDRMGR-exp.war/WEB-INF/lib/com.treelogic.fawna.presentacion.componentes-1.1.1.jar!/META-INF/faces-config.xml
30/10/2012 14:47:53,913  INFO org.apache.myfaces.config.FacesConfigurator - Reading config : jar:file:/opt/jboss-4.2.3.GA/server/default/tmp/deploy/tmp8894233179289435030BDRMGR-exp.war/WEB-INF/lib/com.treelogic.fawna.presentacion.componentes.ext.chart-1.0.0.jar!/META-INF/faces-config.xml
30/10/2012 14:47:53,914  INFO org.apache.myfaces.config.FacesConfigurator - Reading config : jar:file:/opt/jboss-4.2.3.GA/server/default/tmp/deploy/tmp8894233179289435030BDRMGR-exp.war/WEB-INF/lib/com.treelogic.fawna.presentacion.componentes.ext.security-1.0.0.jar!/META-INF/faces-config.xml
30/10/2012 14:47:53,915  INFO org.apache.myfaces.config.FacesConfigurator - Reading config : jar:file:/opt/jboss-4.2.3.GA/server/default/tmp/deploy/tmp8894233179289435030BDRMGR-exp.war/WEB-INF/lib/com.treelogic.fawna.presentacion.core-1.1.0.jar!/META-INF/faces-config.xml
30/10/2012 14:47:53,916  INFO org.apache.myfaces.config.FacesConfigurator - Reading config : jar:file:/opt/jboss-4.2.3.GA/server/default/tmp/deploy/tmp8894233179289435030BDRMGR-exp.war/WEB-INF/lib/fiji-api-1.0.0.jar!/META-INF/faces-config.xml
30/10/2012 14:47:53,916  INFO org.apache.myfaces.config.FacesConfigurator - Reading config : jar:file:/opt/jboss-4.2.3.GA/server/default/tmp/deploy/tmp8894233179289435030BDRMGR-exp.war/WEB-INF/lib/fiji-ui-1.0.0.jar!/META-INF/faces-config.xml
30/10/2012 14:47:53,918  INFO org.apache.myfaces.config.FacesConfigurator - Reading config : jar:file:/opt/jboss-4.2.3.GA/server/default/tmp/deploy/tmp8894233179289435030BDRMGR-exp.war/WEB-INF/lib/org.springframework.faces-2.2.1.RELEASE.jar!/META-INF/faces-config.xml
30/10/2012 14:47:53,924  INFO org.apache.myfaces.config.FacesConfigurator - Reading config : jar:file:/opt/jboss-4.2.3.GA/server/default/tmp/deploy/tmp8894233179289435030BDRMGR-exp.war/WEB-INF/lib/richfaces-impl-3.3.3.Final.jar!/META-INF/faces-config.xml
30/10/2012 14:47:53,926  INFO org.apache.myfaces.config.FacesConfigurator - Reading config : jar:file:/opt/jboss-4.2.3.GA/server/default/tmp/deploy/tmp8894233179289435030BDRMGR-exp.war/WEB-INF/lib/richfaces-ui-3.3.3.Final.jar!/META-INF/faces-config.xml
30/10/2012 14:47:53,951  INFO org.apache.myfaces.config.FacesConfigurator - Reading config : jar:file:/opt/jboss-4.2.3.GA/server/default/tmp/deploy/tmp8894233179289435030BDRMGR-exp.war/WEB-INF/lib/tomahawk12-1.1.11.jar!/META-INF/faces-config.xml
30/10/2012 14:47:53,965  INFO org.apache.myfaces.config.FacesConfigurator - Reading config /WEB-INF/faces-config.xml
30/10/2012 14:47:54,063  INFO org.apache.myfaces.config.FacesConfigurator - Starting up MyFaces-package : myfaces-api in version : 1.2.9 from path : file:/opt/jboss-4.2.3.GA/server/default/tmp/deploy/tmp8894233179289435030BDRMGR-exp.war/WEB-INF/lib/myfaces-api-1.2.9.jar
30/10/2012 14:47:54,063  INFO org.apache.myfaces.config.FacesConfigurator - Starting up MyFaces-package : myfaces-impl in version : 1.2.9 from path : file:/opt/jboss-4.2.3.GA/server/default/tmp/deploy/tmp8894233179289435030BDRMGR-exp.war/WEB-INF/lib/myfaces-impl-1.2.9.jar
30/10/2012 14:47:54,063  INFO org.apache.myfaces.config.FacesConfigurator - MyFaces-package : tomahawk not found.
30/10/2012 14:47:54,063  INFO org.apache.myfaces.config.FacesConfigurator - Starting up MyFaces-package : tomahawk12 in version : 1.1.11 from path : file:/opt/jboss-4.2.3.GA/server/default/tmp/deploy/tmp8894233179289435030BDRMGR-exp.war/WEB-INF/lib/tomahawk12-1.1.11.jar
30/10/2012 14:47:54,063  INFO org.apache.myfaces.config.FacesConfigurator - MyFaces-package : tomahawk-sandbox not found.
30/10/2012 14:47:54,064  INFO org.apache.myfaces.config.FacesConfigurator - MyFaces-package : tomahawk-sandbox12 not found.
30/10/2012 14:47:54,064  INFO org.apache.myfaces.config.FacesConfigurator - MyFaces-package : tomahawk-sandbox15 not found.
30/10/2012 14:47:54,064  INFO org.apache.myfaces.config.FacesConfigurator - MyFaces-package : myfaces-orchestra-core not found.
30/10/2012 14:47:54,064  INFO org.apache.myfaces.config.FacesConfigurator - MyFaces-package : myfaces-orchestra-core12 not found.
30/10/2012 14:47:54,064  INFO org.apache.myfaces.config.FacesConfigurator - MyFaces-package : trinidad-api not found.
30/10/2012 14:47:54,064  INFO org.apache.myfaces.config.FacesConfigurator - MyFaces-package : trinidad-impl not found.
30/10/2012 14:47:54,064  INFO org.apache.myfaces.config.FacesConfigurator - MyFaces-package : tobago not found.
30/10/2012 14:47:54,064  INFO org.apache.myfaces.config.FacesConfigurator - Starting up MyFaces-package : commons-el in version : 1.0 from path : file:/opt/jboss-4.2.3.GA/server/default/tmp/deploy/tmp8894233179289435030BDRMGR-exp.war/WEB-INF/lib/commons-el-1.0.jar
30/10/2012 14:47:54,064  INFO org.apache.myfaces.config.FacesConfigurator - MyFaces-package : jsp-api not found.
30/10/2012 14:47:54,092  WARN org.apache.myfaces.shared_impl.util.LocaleUtils - Locale name in faces-config.xml null or empty, setting locale to default locale : es_ES
30/10/2012 14:47:54,951  INFO org.apache.myfaces.config.FacesConfigurator - Serialization provider : class org.apache.myfaces.shared_impl.util.serial.DefaultSerialFactory
30/10/2012 14:47:55,047  INFO org.apache.myfaces.webapp.AbstractFacesInitializer - ServletContext '/opt/jboss-4.2.3.GA/server/default/./tmp/deploy/tmp8894233179289435030BDRMGR-exp.war/' initialized.
30/10/2012 14:47:55,047  INFO org.apache.myfaces.webapp.StartupServletContextListener - Checking for plugins:org.apache.myfaces.FACES_INIT_PLUGINS
30/10/2012 14:47:55,047  INFO org.springframework.web.context.ContextLoader - Root WebApplicationContext: initialization started
30/10/2012 14:47:55,065  INFO org.springframework.web.context.support.XmlWebApplicationContext - Refreshing Root WebApplicationContext: startup date [Tue Oct 30 14:47:55 CET 2012]; root of context hierarchy
30/10/2012 14:47:55,095  INFO org.springframework.beans.factory.xml.XmlBeanDefinitionReader - Loading XML bean definitions from ServletContext resource [/WEB-INF/config/web-application-config.xml]
30/10/2012 14:47:55,116  INFO org.springframework.beans.factory.xml.XmlBeanDefinitionReader - Loading XML bean definitions from ServletContext resource [/WEB-INF/config/webflow-config.xml]
30/10/2012 14:47:55,156  INFO org.springframework.beans.factory.xml.XmlBeanDefinitionReader - Loading XML bean definitions from ServletContext resource [/WEB-INF/config/security-config.xml]
30/10/2012 14:47:55,238  INFO org.springframework.security.config.http.HttpSecurityBeanDefinitionParser - Checking sorted filter chain: [Root bean: class [org.springframework.security.web.access.channel.ChannelProcessingFilter]; scope=; abstract=false; lazyInit=false; autowireMode=0; dependencyCheck=0; autowireCandidate=true; primary=false; factoryBeanName=null; factoryMethodName=null; initMethodName=null; destroyMethodName=null, order = 100, Root bean: class [org.springframework.security.web.context.SecurityContextPersistenceFilter]; scope=; abstract=false; lazyInit=false; autowireMode=0; dependencyCheck=0; autowireCandidate=true; primary=false; factoryBeanName=null; factoryMethodName=null; initMethodName=null; destroyMethodName=null, order = 300, Root bean: class [org.springframework.security.web.authentication.logout.LogoutFilter]; scope=; abstract=false; lazyInit=false; autowireMode=0; dependencyCheck=0; autowireCandidate=true; primary=false; factoryBeanName=null; factoryMethodName=null; initMethodName=null; destroyMethodName=null, order = 400, Root bean: class [org.springframework.security.web.authentication.UsernamePasswordAuthenticationFilter]; scope=; abstract=false; lazyInit=false; autowireMode=0; dependencyCheck=0; autowireCandidate=true; primary=false; factoryBeanName=null; factoryMethodName=null; initMethodName=null; destroyMethodName=null, order = 800, Root bean: class [org.springframework.security.web.authentication.www.BasicAuthenticationFilter]; scope=; abstract=false; lazyInit=false; autowireMode=0; dependencyCheck=0; autowireCandidate=true; primary=false; factoryBeanName=null; factoryMethodName=null; initMethodName=null; destroyMethodName=null, order = 1200, Root bean: class [org.springframework.security.web.savedrequest.RequestCacheAwareFilter]; scope=; abstract=false; lazyInit=false; autowireMode=0; dependencyCheck=0; autowireCandidate=true; primary=false; factoryBeanName=null; factoryMethodName=null; initMethodName=null; destroyMethodName=null, order = 1300, Root bean: class [org.springframework.security.web.servletapi.SecurityContextHolderAwareRequestFilter]; scope=; abstract=false; lazyInit=false; autowireMode=0; dependencyCheck=0; autowireCandidate=true; primary=false; factoryBeanName=null; factoryMethodName=null; initMethodName=null; destroyMethodName=null, order = 1400, Root bean: class [org.springframework.security.web.authentication.AnonymousAuthenticationFilter]; scope=; abstract=false; lazyInit=false; autowireMode=0; dependencyCheck=0; autowireCandidate=true; primary=false; factoryBeanName=null; factoryMethodName=null; initMethodName=null; destroyMethodName=null, order = 1600, Root bean: class [org.springframework.security.web.session.SessionManagementFilter]; scope=; abstract=false; lazyInit=false; autowireMode=0; dependencyCheck=0; autowireCandidate=true; primary=false; factoryBeanName=null; factoryMethodName=null; initMethodName=null; destroyMethodName=null, order = 1700, Root bean: class [org.springframework.security.web.access.ExceptionTranslationFilter]; scope=; abstract=false; lazyInit=false; autowireMode=0; dependencyCheck=0; autowireCandidate=true; primary=false; factoryBeanName=null; factoryMethodName=null; initMethodName=null; destroyMethodName=null, order = 1800, <org.springframework.security.web.access.intercept.FilterSecurityInterceptor#0>, order = 1900]
30/10/2012 14:47:55,321  INFO org.springframework.beans.factory.support.DefaultListableBeanFactory - Pre-instantiating singletons in org.springframework.beans.factory.support.DefaultListableBeanFactory@1073f623: defining beans [genericRenderAction,genericAction,genericDecisor,genericCustomAction,contextoVentanaFactory,contextoOperacionFactory,contextoFlujoFactory,PresentacionRenderActionError,org.springframework.web.servlet.handler.SimpleUrlHandlerMapping#0,flowController,controlFlujoListener,formatterTransitionListener,breadcrumbListener,facesContextListener,flowExecutor,flowRegistry,org.springframework.faces.model.converter.FacesConversionService#0,org.springframework.webflow.expression.spel.WebFlowSpringELExpressionParser#0,org.springframework.faces.webflow.JsfViewFactoryCreator#0,facesFlowBuilderServices,md5,fawnaUserDetailsService,fawnaAuthProvider,org.springframework.security.authentication.DefaultAuthenticationEventPublisher#0,org.springframework.security.authenticationManager,anonymousProcessingFilter,org.springframework.security.web.PortMapperImpl#0,org.springframework.security.web.context.HttpSessionSecurityContextRepository#0,org.springframework.security.web.authentication.session.SessionFixationProtectionStrategy#0,org.springframework.security.authentication.ProviderManager#0,org.springframework.security.web.access.channel.ChannelDecisionManagerImpl#0,org.springframework.security.access.vote.AffirmativeBased#0,org.springframework.security.web.access.intercept.FilterSecurityInterceptor#0,org.springframework.security.web.access.DefaultWebInvocationPrivilegeEvaluator#0,org.springframework.security.authentication.AnonymousAuthenticationProvider#0,org.springframework.security.web.savedrequest.HttpSessionRequestCache#0,org.springframework.security.web.authentication.www.BasicAuthenticationEntryPoint#0,org.springframework.security.web.authentication.UsernamePasswordAuthenticationFilter#0,org.springframework.security.config.http.UserDetailsServiceInjectionBeanPostProcessor#0,org.springframework.security.filterChainProxy]; root of factory hierarchy
30/10/2012 14:47:55,513  INFO org.springframework.web.servlet.handler.SimpleUrlHandlerMapping - Default mapping to handler 'flowController'
30/10/2012 14:47:55,571  INFO org.springframework.security.web.access.intercept.FilterSecurityInterceptor - Validated configuration attributes
30/10/2012 14:47:55,609  INFO org.springframework.security.web.access.channel.ChannelProcessingFilter - Validated configuration attributes
30/10/2012 14:47:55,639  INFO org.springframework.web.context.ContextLoader - Root WebApplicationContext: initialization completed in 592 ms
30/10/2012 14:47:55,642  INFO org.apache.tiles.context.AbstractTilesApplicationContextFactory - Initializing Tiles2 application context. . .
30/10/2012 14:47:55,644  INFO org.apache.tiles.context.AbstractTilesApplicationContextFactory - Finished initializing Tiles2 application context.
30/10/2012 14:47:55,657  INFO org.apache.tiles.factory.TilesContainerFactory - Initializing Tiles2 container. . .
30/10/2012 14:47:55,675  INFO org.apache.tiles.factory.TilesContainerFactory - Tiles2 container initialized
30/10/2012 14:47:55,675  INFO org.apache.tiles.access.TilesAccess - Publishing TilesContext for context: com.treelogic.fawna.presentacion.core.tiles.servlet.PresentacionServletTilesApplicationContext
30/10/2012 14:47:55,690  INFO org.apache.jcs.engine.control.CompositeCacheManager - Creating cache manager from config file: /cache.ccf
30/10/2012 14:47:55,695  INFO org.apache.jcs.utils.threadpool.ThreadPoolManager - thread_pool.default PoolConfiguration = useBoundary = [true] boundarySize = [2000] maximumPoolSize = [150] minimumPoolSize = [4] keepAliveTime = [300000] whenBlockedPolicy = [RUN] startUpSize = [4]
30/10/2012 14:47:55,697  INFO org.apache.jcs.engine.control.CompositeCacheConfigurator - Setting default auxiliaries to 
30/10/2012 14:47:55,700  INFO org.apache.jcs.engine.control.CompositeCacheConfigurator - setting defaultCompositeCacheAttributes to [ useLateral = true, useRemote = true, useDisk = true, maxObjs = 500, maxSpoolPerRun = -1, diskUsagePattern = 0 ]
30/10/2012 14:47:55,700  INFO org.apache.jcs.engine.control.CompositeCacheConfigurator - No special ElementAttribute class defined for key [jcs.default.elementattributes], using default class.
30/10/2012 14:47:55,700  INFO org.apache.jcs.engine.control.CompositeCacheConfigurator - setting defaultElementAttributes to [ IS_LATERAL = true, IS_SPOOL = true, IS_REMOTE = true, IS_ETERNAL = true, MaxLifeSeconds = -1, IdleTime = -1, CreateTime = 1351604875700, LastAccessTime = 1351604875700, getTimeToLiveSeconds() = -1, createTime = 1351604875700 ]
30/10/2012 14:47:55,717  INFO org.apache.jcs.engine.memory.lru.LRUMemoryCache - initialized LRUMemoryCache for cacheCustomClass
30/10/2012 14:47:55,717  INFO org.apache.jcs.engine.control.CompositeCache - Constructed cache with name [cacheCustomClass] and cache attributes [ useLateral = true, useRemote = true, useDisk = true, maxObjs = 203, maxSpoolPerRun = 500, diskUsagePattern = 0 ]
30/10/2012 14:47:55,717  INFO org.apache.jcs.engine.memory.lru.LRUMemoryCache - initialized LRUMemoryCache for cacheFormatters
30/10/2012 14:47:55,718  INFO org.apache.jcs.engine.control.CompositeCache - Constructed cache with name [cacheFormatters] and cache attributes [ useLateral = true, useRemote = true, useDisk = true, maxObjs = 503, maxSpoolPerRun = 500, diskUsagePattern = 0 ]
30/10/2012 14:47:55,718  INFO org.apache.jcs.engine.memory.lru.LRUMemoryCache - initialized LRUMemoryCache for cacheFlowActions
30/10/2012 14:47:55,718  INFO org.apache.jcs.engine.control.CompositeCache - Constructed cache with name [cacheFlowActions] and cache attributes [ useLateral = true, useRemote = true, useDisk = true, maxObjs = 503, maxSpoolPerRun = 500, diskUsagePattern = 0 ]
30/10/2012 14:47:55,718  INFO org.apache.jcs.engine.memory.lru.LRUMemoryCache - initialized LRUMemoryCache for cacheSNInvoker
30/10/2012 14:47:55,718  INFO org.apache.jcs.engine.control.CompositeCache - Constructed cache with name [cacheSNInvoker] and cache attributes [ useLateral = true, useRemote = true, useDisk = true, maxObjs = 5003, maxSpoolPerRun = 500, diskUsagePattern = 0 ]
30/10/2012 14:47:55,718  INFO org.apache.jcs.engine.memory.lru.LRUMemoryCache - initialized LRUMemoryCache for cacheListeners
30/10/2012 14:47:55,718  INFO org.apache.jcs.engine.control.CompositeCache - Constructed cache with name [cacheListeners] and cache attributes [ useLateral = true, useRemote = true, useDisk = true, maxObjs = 1003, maxSpoolPerRun = 500, diskUsagePattern = 0 ]
30/10/2012 14:47:55,718  INFO org.apache.jcs.engine.memory.lru.LRUMemoryCache - initialized LRUMemoryCache for cacheProperties
30/10/2012 14:47:55,718  INFO org.apache.jcs.engine.control.CompositeCache - Constructed cache with name [cacheProperties] and cache attributes [ useLateral = true, useRemote = true, useDisk = true, maxObjs = 103, maxSpoolPerRun = 500, diskUsagePattern = 0 ]
30/10/2012 14:47:55,718  INFO org.apache.jcs.engine.control.CompositeCacheConfigurator - Parsed regions [cacheCustomClass, cacheFormatters, cacheFlowActions, cacheSNInvoker, cacheListeners, cacheProperties]
30/10/2012 14:47:55,719  INFO org.apache.jcs.engine.control.CompositeCacheConfigurator - Finished configuration in 22 ms.
30/10/2012 14:47:55,720  WARN com.treelogic.fawna.presentacion.core.utilidades.FawnaPropertyConfiguration - Cargado el recurso 'conf/BDRMGR' (JBoss)
30/10/2012 14:47:55,723  INFO com.treelogic.fawna.presentacion.core.utilidades.FawnaPropertyConfiguration - Se ha cargado el recurso  'conf/BDRMGR'
30/10/2012 14:47:59,061  INFO org.apache.myfaces.webapp.StartupServletContextListener - Checking for plugins:org.apache.myfaces.FACES_INIT_PLUGINS
30/10/2012 14:47:59,075  INFO org.apache.myfaces.shared_impl.config.MyfacesConfig - No context init parameter 'org.apache.myfaces.PRETTY_HTML' found, using default value true
30/10/2012 14:47:59,075  INFO org.apache.myfaces.shared_impl.config.MyfacesConfig - No context init parameter 'org.apache.myfaces.ALLOW_JAVASCRIPT' found, using default value true
30/10/2012 14:47:59,075  INFO org.apache.myfaces.shared_impl.config.MyfacesConfig - No context init parameter 'org.apache.myfaces.RENDER_CLEAR_JAVASCRIPT_FOR_BUTTON' found, using default value false
30/10/2012 14:47:59,075  INFO org.apache.myfaces.shared_impl.config.MyfacesConfig - No context init parameter 'org.apache.myfaces.RENDER_HIDDEN_FIELDS_FOR_LINK_PARAMS' found, using default value false
30/10/2012 14:47:59,075  INFO org.apache.myfaces.shared_impl.config.MyfacesConfig - No context init parameter 'org.apache.myfaces.SAVE_FORM_SUBMIT_LINK_IE' found, using default value false
30/10/2012 14:47:59,075  INFO org.apache.myfaces.shared_impl.config.MyfacesConfig - No context init parameter 'org.apache.myfaces.READONLY_AS_DISABLED_FOR_SELECTS' found, using default value true
30/10/2012 14:47:59,075  INFO org.apache.myfaces.shared_impl.config.MyfacesConfig - No context init parameter 'org.apache.myfaces.RENDER_VIEWSTATE_ID' found, using default value true
30/10/2012 14:47:59,075  INFO org.apache.myfaces.shared_impl.config.MyfacesConfig - No context init parameter 'org.apache.myfaces.STRICT_XHTML_LINKS' found, using default value true
30/10/2012 14:47:59,075  INFO org.apache.myfaces.shared_impl.config.MyfacesConfig - No context init parameter 'org.apache.myfaces.CONFIG_REFRESH_PERIOD' found, using default value 2
30/10/2012 14:47:59,075  INFO org.apache.myfaces.shared_impl.config.MyfacesConfig - No context init parameter 'org.apache.myfaces.VIEWSTATE_JAVASCRIPT' found, using default value false
30/10/2012 14:47:59,075  INFO org.apache.myfaces.shared_impl.config.MyfacesConfig - No context init parameter 'org.apache.myfaces.DETECT_JAVASCRIPT' found, using default value false
30/10/2012 14:47:59,075  INFO org.apache.myfaces.shared_impl.config.MyfacesConfig - No context init parameter 'org.apache.myfaces.AUTO_SCROLL' found, using default value false
30/10/2012 14:47:59,075  INFO org.apache.myfaces.shared_impl.config.MyfacesConfig - No context init parameter 'org.apache.myfaces.ADD_RESOURCE_CLASS' found, using default value org.apache.myfaces.renderkit.html.util.DefaultAddResource
30/10/2012 14:47:59,075  INFO org.apache.myfaces.shared_impl.config.MyfacesConfig - No context init parameter 'org.apache.myfaces.RESOURCE_VIRTUAL_PATH' found, using default value /faces/myFacesExtensionResource
30/10/2012 14:47:59,076  INFO org.apache.myfaces.shared_impl.config.MyfacesConfig - No context init parameter 'org.apache.myfaces.CHECK_EXTENSIONS_FILTER' found, using default value true
30/10/2012 14:47:59,076  INFO org.apache.myfaces.shared_impl.config.MyfacesConfig - Starting up Tomahawk on the RI-JSF-Implementation.
30/10/2012 14:47:59,076  INFO org.apache.myfaces.shared_impl.config.MyfacesConfig - Starting up Tomahawk on the MyFaces-JSF-Implementation
30/10/2012 14:47:59,076 ERROR org.apache.myfaces.shared_impl.config.MyfacesConfig - Both MyFaces and the RI are on your classpath. Please make sure to use only one of the two JSF-implementations.
30/10/2012 14:47:59,096  INFO org.apache.myfaces.config.FacesConfigurator - Reading standard config META-INF/standard-faces-config.xml
30/10/2012 14:47:59,174  INFO org.apache.myfaces.config.FacesConfigurator - Reading config : jar:file:/opt/jboss-4.2.3.GA/server/default/tmp/deploy/tmp8137787585436092602TRONPRE-exp.war/WEB-INF/lib/com.springsource.com.sun.facelets-1.1.14.jar!/META-INF/faces-config.xml
30/10/2012 14:47:59,178  INFO org.apache.myfaces.config.FacesConfigurator - Reading config : jar:file:/opt/jboss-4.2.3.GA/server/default/tmp/deploy/tmp8137787585436092602TRONPRE-exp.war/WEB-INF/lib/com.treelogic.fawna.presentacion.componentes-1.1.1.jar!/META-INF/faces-config.xml
30/10/2012 14:47:59,188  INFO org.apache.myfaces.config.FacesConfigurator - Reading config : jar:file:/opt/jboss-4.2.3.GA/server/default/tmp/deploy/tmp8137787585436092602TRONPRE-exp.war/WEB-INF/lib/com.treelogic.fawna.presentacion.componentes.ext.chart-1.0.0.jar!/META-INF/faces-config.xml
30/10/2012 14:47:59,189  INFO org.apache.myfaces.config.FacesConfigurator - Reading config : jar:file:/opt/jboss-4.2.3.GA/server/default/tmp/deploy/tmp8137787585436092602TRONPRE-exp.war/WEB-INF/lib/com.treelogic.fawna.presentacion.componentes.ext.security-1.0.0.jar!/META-INF/faces-config.xml
30/10/2012 14:47:59,190  INFO org.apache.myfaces.config.FacesConfigurator - Reading config : jar:file:/opt/jboss-4.2.3.GA/server/default/tmp/deploy/tmp8137787585436092602TRONPRE-exp.war/WEB-INF/lib/com.treelogic.fawna.presentacion.core-1.1.0.jar!/META-INF/faces-config.xml
30/10/2012 14:47:59,191  INFO org.apache.myfaces.config.FacesConfigurator - Reading config : jar:file:/opt/jboss-4.2.3.GA/server/default/tmp/deploy/tmp8137787585436092602TRONPRE-exp.war/WEB-INF/lib/fiji-api-1.0.0.jar!/META-INF/faces-config.xml
30/10/2012 14:47:59,191  INFO org.apache.myfaces.config.FacesConfigurator - Reading config : jar:file:/opt/jboss-4.2.3.GA/server/default/tmp/deploy/tmp8137787585436092602TRONPRE-exp.war/WEB-INF/lib/fiji-ui-1.0.0.jar!/META-INF/faces-config.xml
30/10/2012 14:47:59,194  INFO org.apache.myfaces.config.FacesConfigurator - Reading config : jar:file:/opt/jboss-4.2.3.GA/server/default/tmp/deploy/tmp8137787585436092602TRONPRE-exp.war/WEB-INF/lib/org.springframework.faces-2.2.1.RELEASE.jar!/META-INF/faces-config.xml
30/10/2012 14:47:59,199  INFO org.apache.myfaces.config.FacesConfigurator - Reading config : jar:file:/opt/jboss-4.2.3.GA/server/default/tmp/deploy/tmp8137787585436092602TRONPRE-exp.war/WEB-INF/lib/richfaces-impl-3.3.3.Final.jar!/META-INF/faces-config.xml
30/10/2012 14:47:59,201  INFO org.apache.myfaces.config.FacesConfigurator - Reading config : jar:file:/opt/jboss-4.2.3.GA/server/default/tmp/deploy/tmp8137787585436092602TRONPRE-exp.war/WEB-INF/lib/richfaces-ui-3.3.3.Final.jar!/META-INF/faces-config.xml
30/10/2012 14:47:59,224  INFO org.apache.myfaces.config.FacesConfigurator - Reading config : jar:file:/opt/jboss-4.2.3.GA/server/default/tmp/deploy/tmp8137787585436092602TRONPRE-exp.war/WEB-INF/lib/tomahawk12-1.1.11.jar!/META-INF/faces-config.xml
30/10/2012 14:47:59,237  INFO org.apache.myfaces.config.FacesConfigurator - Reading config /WEB-INF/faces-config.xml
30/10/2012 14:47:59,328  INFO org.apache.myfaces.config.FacesConfigurator - Starting up MyFaces-package : myfaces-api in version : 1.2.9 from path : file:/opt/jboss-4.2.3.GA/server/default/tmp/deploy/tmp8137787585436092602TRONPRE-exp.war/WEB-INF/lib/myfaces-api-1.2.9.jar
30/10/2012 14:47:59,329  INFO org.apache.myfaces.config.FacesConfigurator - Starting up MyFaces-package : myfaces-impl in version : 1.2.9 from path : file:/opt/jboss-4.2.3.GA/server/default/tmp/deploy/tmp8137787585436092602TRONPRE-exp.war/WEB-INF/lib/myfaces-impl-1.2.9.jar
30/10/2012 14:47:59,329  INFO org.apache.myfaces.config.FacesConfigurator - MyFaces-package : tomahawk not found.
30/10/2012 14:47:59,329  INFO org.apache.myfaces.config.FacesConfigurator - Starting up MyFaces-package : tomahawk12 in version : 1.1.11 from path : file:/opt/jboss-4.2.3.GA/server/default/tmp/deploy/tmp8137787585436092602TRONPRE-exp.war/WEB-INF/lib/tomahawk12-1.1.11.jar
30/10/2012 14:47:59,329  INFO org.apache.myfaces.config.FacesConfigurator - MyFaces-package : tomahawk-sandbox not found.
30/10/2012 14:47:59,329  INFO org.apache.myfaces.config.FacesConfigurator - MyFaces-package : tomahawk-sandbox12 not found.
30/10/2012 14:47:59,329  INFO org.apache.myfaces.config.FacesConfigurator - MyFaces-package : tomahawk-sandbox15 not found.
30/10/2012 14:47:59,329  INFO org.apache.myfaces.config.FacesConfigurator - MyFaces-package : myfaces-orchestra-core not found.
30/10/2012 14:47:59,329  INFO org.apache.myfaces.config.FacesConfigurator - MyFaces-package : myfaces-orchestra-core12 not found.
30/10/2012 14:47:59,329  INFO org.apache.myfaces.config.FacesConfigurator - MyFaces-package : trinidad-api not found.
30/10/2012 14:47:59,329  INFO org.apache.myfaces.config.FacesConfigurator - MyFaces-package : trinidad-impl not found.
30/10/2012 14:47:59,329  INFO org.apache.myfaces.config.FacesConfigurator - MyFaces-package : tobago not found.
30/10/2012 14:47:59,329  INFO org.apache.myfaces.config.FacesConfigurator - Starting up MyFaces-package : commons-el in version : 1.0 from path : file:/opt/jboss-4.2.3.GA/server/default/tmp/deploy/tmp8137787585436092602TRONPRE-exp.war/WEB-INF/lib/commons-el-1.0.jar
30/10/2012 14:47:59,329  INFO org.apache.myfaces.config.FacesConfigurator - MyFaces-package : jsp-api not found.
30/10/2012 14:47:59,360  WARN org.apache.myfaces.shared_impl.util.LocaleUtils - Locale name in faces-config.xml null or empty, setting locale to default locale : es_ES
30/10/2012 14:48:00,169  INFO org.apache.myfaces.config.FacesConfigurator - Serialization provider : class org.apache.myfaces.shared_impl.util.serial.DefaultSerialFactory
30/10/2012 14:48:00,173  INFO org.apache.myfaces.webapp.AbstractFacesInitializer - ServletContext '/opt/jboss-4.2.3.GA/server/default/./tmp/deploy/tmp8137787585436092602TRONPRE-exp.war/' initialized.
30/10/2012 14:48:00,173  INFO org.apache.myfaces.webapp.StartupServletContextListener - Checking for plugins:org.apache.myfaces.FACES_INIT_PLUGINS
30/10/2012 14:48:00,173  INFO org.springframework.web.context.ContextLoader - Root WebApplicationContext: initialization started
30/10/2012 14:48:00,190  INFO org.springframework.web.context.support.XmlWebApplicationContext - Refreshing Root WebApplicationContext: startup date [Tue Oct 30 14:48:00 CET 2012]; root of context hierarchy
30/10/2012 14:48:00,220  INFO org.springframework.beans.factory.xml.XmlBeanDefinitionReader - Loading XML bean definitions from ServletContext resource [/WEB-INF/config/web-application-config.xml]
30/10/2012 14:48:00,238  INFO org.springframework.beans.factory.xml.XmlBeanDefinitionReader - Loading XML bean definitions from ServletContext resource [/WEB-INF/config/webflow-config.xml]
30/10/2012 14:48:00,271  INFO org.springframework.beans.factory.xml.XmlBeanDefinitionReader - Loading XML bean definitions from ServletContext resource [/WEB-INF/config/security-config.xml]
30/10/2012 14:48:00,333  INFO org.springframework.security.config.http.HttpSecurityBeanDefinitionParser - Checking sorted filter chain: [Root bean: class [org.springframework.security.web.access.channel.ChannelProcessingFilter]; scope=; abstract=false; lazyInit=false; autowireMode=0; dependencyCheck=0; autowireCandidate=true; primary=false; factoryBeanName=null; factoryMethodName=null; initMethodName=null; destroyMethodName=null, order = 100, Root bean: class [org.springframework.security.web.context.SecurityContextPersistenceFilter]; scope=; abstract=false; lazyInit=false; autowireMode=0; dependencyCheck=0; autowireCandidate=true; primary=false; factoryBeanName=null; factoryMethodName=null; initMethodName=null; destroyMethodName=null, order = 300, Root bean: class [org.springframework.security.web.authentication.logout.LogoutFilter]; scope=; abstract=false; lazyInit=false; autowireMode=0; dependencyCheck=0; autowireCandidate=true; primary=false; factoryBeanName=null; factoryMethodName=null; initMethodName=null; destroyMethodName=null, order = 400, Root bean: class [org.springframework.security.web.authentication.UsernamePasswordAuthenticationFilter]; scope=; abstract=false; lazyInit=false; autowireMode=0; dependencyCheck=0; autowireCandidate=true; primary=false; factoryBeanName=null; factoryMethodName=null; initMethodName=null; destroyMethodName=null, order = 800, Root bean: class [org.springframework.security.web.authentication.www.BasicAuthenticationFilter]; scope=; abstract=false; lazyInit=false; autowireMode=0; dependencyCheck=0; autowireCandidate=true; primary=false; factoryBeanName=null; factoryMethodName=null; initMethodName=null; destroyMethodName=null, order = 1200, Root bean: class [org.springframework.security.web.savedrequest.RequestCacheAwareFilter]; scope=; abstract=false; lazyInit=false; autowireMode=0; dependencyCheck=0; autowireCandidate=true; primary=false; factoryBeanName=null; factoryMethodName=null; initMethodName=null; destroyMethodName=null, order = 1300, Root bean: class [org.springframework.security.web.servletapi.SecurityContextHolderAwareRequestFilter]; scope=; abstract=false; lazyInit=false; autowireMode=0; dependencyCheck=0; autowireCandidate=true; primary=false; factoryBeanName=null; factoryMethodName=null; initMethodName=null; destroyMethodName=null, order = 1400, Root bean: class [org.springframework.security.web.authentication.AnonymousAuthenticationFilter]; scope=; abstract=false; lazyInit=false; autowireMode=0; dependencyCheck=0; autowireCandidate=true; primary=false; factoryBeanName=null; factoryMethodName=null; initMethodName=null; destroyMethodName=null, order = 1600, Root bean: class [org.springframework.security.web.session.SessionManagementFilter]; scope=; abstract=false; lazyInit=false; autowireMode=0; dependencyCheck=0; autowireCandidate=true; primary=false; factoryBeanName=null; factoryMethodName=null; initMethodName=null; destroyMethodName=null, order = 1700, Root bean: class [org.springframework.security.web.access.ExceptionTranslationFilter]; scope=; abstract=false; lazyInit=false; autowireMode=0; dependencyCheck=0; autowireCandidate=true; primary=false; factoryBeanName=null; factoryMethodName=null; initMethodName=null; destroyMethodName=null, order = 1800, <org.springframework.security.web.access.intercept.FilterSecurityInterceptor#0>, order = 1900]
30/10/2012 14:48:00,402  INFO org.springframework.beans.factory.support.DefaultListableBeanFactory - Pre-instantiating singletons in org.springframework.beans.factory.support.DefaultListableBeanFactory@4ad6be89: defining beans [genericRenderAction,genericAction,genericDecisor,genericCustomAction,contextoVentanaFactory,contextoOperacionFactory,contextoFlujoFactory,PresentacionRenderActionError,org.springframework.web.servlet.handler.SimpleUrlHandlerMapping#0,flowController,controlFlujoListener,formatterTransitionListener,breadcrumbListener,facesContextListener,flowExecutor,flowRegistry,org.springframework.faces.model.converter.FacesConversionService#0,org.springframework.webflow.expression.spel.WebFlowSpringELExpressionParser#0,org.springframework.faces.webflow.JsfViewFactoryCreator#0,facesFlowBuilderServices,md5,fawnaUserDetailsService,fawnaAuthProvider,org.springframework.security.authentication.DefaultAuthenticationEventPublisher#0,org.springframework.security.authenticationManager,anonymousProcessingFilter,org.springframework.security.web.PortMapperImpl#0,org.springframework.security.web.context.HttpSessionSecurityContextRepository#0,org.springframework.security.web.authentication.session.SessionFixationProtectionStrategy#0,org.springframework.security.authentication.ProviderManager#0,org.springframework.security.web.access.channel.ChannelDecisionManagerImpl#0,org.springframework.security.access.vote.AffirmativeBased#0,org.springframework.security.web.access.intercept.FilterSecurityInterceptor#0,org.springframework.security.web.access.DefaultWebInvocationPrivilegeEvaluator#0,org.springframework.security.authentication.AnonymousAuthenticationProvider#0,org.springframework.security.web.savedrequest.HttpSessionRequestCache#0,org.springframework.security.web.authentication.www.BasicAuthenticationEntryPoint#0,org.springframework.security.web.authentication.UsernamePasswordAuthenticationFilter#0,org.springframework.security.config.http.UserDetailsServiceInjectionBeanPostProcessor#0,org.springframework.security.filterChainProxy]; root of factory hierarchy
30/10/2012 14:48:00,581  INFO org.springframework.web.servlet.handler.SimpleUrlHandlerMapping - Default mapping to handler 'flowController'
30/10/2012 14:48:00,641  INFO org.springframework.security.web.access.intercept.FilterSecurityInterceptor - Validated configuration attributes
30/10/2012 14:48:00,678  INFO org.springframework.security.web.access.channel.ChannelProcessingFilter - Validated configuration attributes
30/10/2012 14:48:00,707  INFO org.springframework.web.context.ContextLoader - Root WebApplicationContext: initialization completed in 534 ms
30/10/2012 14:48:00,710  INFO org.apache.tiles.context.AbstractTilesApplicationContextFactory - Initializing Tiles2 application context. . .
30/10/2012 14:48:00,712  INFO org.apache.tiles.context.AbstractTilesApplicationContextFactory - Finished initializing Tiles2 application context.
30/10/2012 14:48:00,725  INFO org.apache.tiles.factory.TilesContainerFactory - Initializing Tiles2 container. . .
30/10/2012 14:48:00,742  INFO org.apache.tiles.factory.TilesContainerFactory - Tiles2 container initialized
30/10/2012 14:48:00,743  INFO org.apache.tiles.access.TilesAccess - Publishing TilesContext for context: com.treelogic.fawna.presentacion.core.tiles.servlet.PresentacionServletTilesApplicationContext
30/10/2012 14:48:00,758  INFO org.apache.jcs.engine.control.CompositeCacheManager - Creating cache manager from config file: /cache.ccf
30/10/2012 14:48:00,762  INFO org.apache.jcs.utils.threadpool.ThreadPoolManager - thread_pool.default PoolConfiguration = useBoundary = [true] boundarySize = [2000] maximumPoolSize = [150] minimumPoolSize = [4] keepAliveTime = [300000] whenBlockedPolicy = [RUN] startUpSize = [4]
30/10/2012 14:48:00,764  INFO org.apache.jcs.engine.control.CompositeCacheConfigurator - Setting default auxiliaries to 
30/10/2012 14:48:00,766  INFO org.apache.jcs.engine.control.CompositeCacheConfigurator - setting defaultCompositeCacheAttributes to [ useLateral = true, useRemote = true, useDisk = true, maxObjs = 500, maxSpoolPerRun = -1, diskUsagePattern = 0 ]
30/10/2012 14:48:00,766  INFO org.apache.jcs.engine.control.CompositeCacheConfigurator - No special ElementAttribute class defined for key [jcs.default.elementattributes], using default class.
30/10/2012 14:48:00,767  INFO org.apache.jcs.engine.control.CompositeCacheConfigurator - setting defaultElementAttributes to [ IS_LATERAL = true, IS_SPOOL = true, IS_REMOTE = true, IS_ETERNAL = true, MaxLifeSeconds = -1, IdleTime = -1, CreateTime = 1351604880766, LastAccessTime = 1351604880766, getTimeToLiveSeconds() = -1, createTime = 1351604880766 ]
30/10/2012 14:48:00,783  INFO org.apache.jcs.engine.memory.lru.LRUMemoryCache - initialized LRUMemoryCache for cacheCustomClass
30/10/2012 14:48:00,783  INFO org.apache.jcs.engine.control.CompositeCache - Constructed cache with name [cacheCustomClass] and cache attributes [ useLateral = true, useRemote = true, useDisk = true, maxObjs = 203, maxSpoolPerRun = 500, diskUsagePattern = 0 ]
30/10/2012 14:48:00,784  INFO org.apache.jcs.engine.memory.lru.LRUMemoryCache - initialized LRUMemoryCache for cacheFormatters
30/10/2012 14:48:00,784  INFO org.apache.jcs.engine.control.CompositeCache - Constructed cache with name [cacheFormatters] and cache attributes [ useLateral = true, useRemote = true, useDisk = true, maxObjs = 503, maxSpoolPerRun = 500, diskUsagePattern = 0 ]
30/10/2012 14:48:00,784  INFO org.apache.jcs.engine.memory.lru.LRUMemoryCache - initialized LRUMemoryCache for cacheFlowActions
30/10/2012 14:48:00,784  INFO org.apache.jcs.engine.control.CompositeCache - Constructed cache with name [cacheFlowActions] and cache attributes [ useLateral = true, useRemote = true, useDisk = true, maxObjs = 503, maxSpoolPerRun = 500, diskUsagePattern = 0 ]
30/10/2012 14:48:00,784  INFO org.apache.jcs.engine.memory.lru.LRUMemoryCache - initialized LRUMemoryCache for cacheSNInvoker
30/10/2012 14:48:00,784  INFO org.apache.jcs.engine.control.CompositeCache - Constructed cache with name [cacheSNInvoker] and cache attributes [ useLateral = true, useRemote = true, useDisk = true, maxObjs = 5003, maxSpoolPerRun = 500, diskUsagePattern = 0 ]
30/10/2012 14:48:00,784  INFO org.apache.jcs.engine.memory.lru.LRUMemoryCache - initialized LRUMemoryCache for cacheListeners
30/10/2012 14:48:00,784  INFO org.apache.jcs.engine.control.CompositeCache - Constructed cache with name [cacheListeners] and cache attributes [ useLateral = true, useRemote = true, useDisk = true, maxObjs = 1003, maxSpoolPerRun = 500, diskUsagePattern = 0 ]
30/10/2012 14:48:00,785  INFO org.apache.jcs.engine.memory.lru.LRUMemoryCache - initialized LRUMemoryCache for cacheProperties
30/10/2012 14:48:00,785  INFO org.apache.jcs.engine.control.CompositeCache - Constructed cache with name [cacheProperties] and cache attributes [ useLateral = true, useRemote = true, useDisk = true, maxObjs = 103, maxSpoolPerRun = 500, diskUsagePattern = 0 ]
30/10/2012 14:48:00,785  INFO org.apache.jcs.engine.control.CompositeCacheConfigurator - Parsed regions [cacheCustomClass, cacheFormatters, cacheFlowActions, cacheSNInvoker, cacheListeners, cacheProperties]
30/10/2012 14:48:00,785  INFO org.apache.jcs.engine.control.CompositeCacheConfigurator - Finished configuration in 22 ms.
30/10/2012 14:48:00,786  WARN com.treelogic.fawna.presentacion.core.utilidades.FawnaPropertyConfiguration - Cargado el recurso 'conf/TRONPRE' (JBoss)
30/10/2012 14:48:00,790  INFO com.treelogic.fawna.presentacion.core.utilidades.FawnaPropertyConfiguration - Se ha cargado el recurso  'conf/TRONPRE'
